Started GET "/" for ::1 at 2020-10-08 16:36:51 -0700
DEPRECATION WARNING: ActiveRecord::Base.raise_in_transactional_callbacks= is deprecated, has no effect and will be removed without replacement. (called from block (3 levels) in <class:Railtie> at /Users/carlosgarciajr/.rbenv/versions/2.5.1/lib/ruby/gems/2.5.0/gems/activerecord-5.0.7.2/lib/active_record/railtie.rb:113)
Processing by StaticPagesController#index as HTML
  Rendering static_pages/index.html.erb within layouts/application
  Rendered shared/_main_nav.html.erb (0.3ms)
  Rendered shared/_masthead.html.erb (0.2ms)
  Rendered shared/_sections_nav.html.erb (0.2ms)
  Rendered shared/_search_modal.html.erb (0.2ms)
  Rendered shared/_main_content.html.erb (0.2ms)
  Rendered static_pages/index.html.erb within layouts/application (15.2ms)
Completed 200 OK in 362ms (Views: 358.9ms | ActiveRecord: 0.0ms)


Started GET "/assets/application.self-5e5b219656abf8c4e83f7dfd5e5f4f415d8fe2348d16620303a4ed96d1b5a144.css?body=1" for ::1 at 2020-10-08 16:36:52 -0700
Started GET "/" for ::1 at 2020-10-08 16:36:53 -0700
Processing by StaticPagesController#index as HTML
  Rendering static_pages/index.html.erb within layouts/application
  Rendered shared/_main_nav.html.erb (0.2ms)
  Rendered shared/_masthead.html.erb (0.2ms)
  Rendered shared/_sections_nav.html.erb (0.2ms)
  Rendered shared/_search_modal.html.erb (0.2ms)
  Rendered shared/_main_content.html.erb (0.1ms)
  Rendered static_pages/index.html.erb within layouts/application (13.2ms)
Completed 200 OK in 29ms (Views: 26.9ms | ActiveRecord: 0.0ms)


Started GET "/" for ::1 at 2020-10-08 16:37:17 -0700
Processing by StaticPagesController#index as HTML
  Rendering static_pages/index.html.erb within layouts/application
  Rendered shared/_main_nav.html.erb (0.2ms)
  Rendered shared/_masthead.html.erb (0.2ms)
  Rendered shared/_sections_nav.html.erb (0.2ms)
  Rendered shared/_search_modal.html.erb (0.2ms)
  Rendered shared/_main_content.html.erb (0.2ms)
  Rendered static_pages/index.html.erb within layouts/application (14.6ms)
Completed 200 OK in 35ms (Views: 31.8ms | ActiveRecord: 0.0ms)


Started GET "/" for ::1 at 2020-10-08 16:37:20 -0700
Processing by StaticPagesController#index as HTML
  Rendering static_pages/index.html.erb within layouts/application
  Rendered shared/_main_nav.html.erb (0.2ms)
  Rendered shared/_masthead.html.erb (0.2ms)
  Rendered shared/_sections_nav.html.erb (0.2ms)
  Rendered shared/_search_modal.html.erb (0.2ms)
  Rendered shared/_main_content.html.erb (0.2ms)
  Rendered static_pages/index.html.erb within layouts/application (12.8ms)
Completed 200 OK in 30ms (Views: 27.7ms | ActiveRecord: 0.0ms)


Started GET "/" for ::1 at 2020-10-09 09:59:50 -0700
DEPRECATION WARNING: ActiveRecord::Base.raise_in_transactional_callbacks= is deprecated, has no effect and will be removed without replacement. (called from block (3 levels) in <class:Railtie> at /Users/carlosgarciajr/.rbenv/versions/2.5.1/lib/ruby/gems/2.5.0/gems/activerecord-5.0.7.2/lib/active_record/railtie.rb:113)
Processing by StaticPagesController#index as HTML
  Rendering static_pages/index.html.erb within layouts/application
  Rendered shared/_main_nav.html.erb (0.3ms)
  Rendered shared/_masthead.html.erb (0.2ms)
  Rendered shared/_sections_nav.html.erb (0.2ms)
  Rendered shared/_search_modal.html.erb (0.2ms)
  Rendered shared/_main_content.html.erb (0.2ms)
  Rendered static_pages/index.html.erb within layouts/application (15.4ms)
Completed 200 OK in 353ms (Views: 350.1ms | ActiveRecord: 0.0ms)


Started GET "/assets/application.self-7aae4f884d21c0f895d0e25909b4a3857ca3f7bdd4412baf28bf32a8b1f558b1.css?body=1" for ::1 at 2020-10-09 09:59:51 -0700
Started GET "/" for ::1 at 2020-10-09 10:00:16 -0700
Processing by StaticPagesController#index as HTML
  Rendering static_pages/index.html.erb within layouts/application
  Rendered shared/_main_nav.html.erb (0.2ms)
  Rendered shared/_masthead.html.erb (0.2ms)
  Rendered shared/_sections_nav.html.erb (0.1ms)
  Rendered shared/_search_modal.html.erb (0.2ms)
  Rendered shared/_main_content.html.erb (0.4ms)
  Rendered static_pages/index.html.erb within layouts/application (12.9ms)
Completed 200 OK in 34ms (Views: 30.5ms | ActiveRecord: 0.0ms)


Started GET "/assets/new_office.jpg" for ::1 at 2020-10-09 10:00:16 -0700
Started GET "/" for ::1 at 2020-10-09 10:03:51 -0700
Processing by StaticPagesController#index as HTML
  Rendering static_pages/index.html.erb within layouts/application
  Rendered shared/_main_nav.html.erb (0.2ms)
  Rendered shared/_masthead.html.erb (0.2ms)
  Rendered shared/_sections_nav.html.erb (0.3ms)
  Rendered shared/_search_modal.html.erb (0.2ms)
  Rendered shared/_main_content.html.erb (0.3ms)
  Rendered static_pages/index.html.erb within layouts/application (13.1ms)
Completed 200 OK in 109ms (Views: 104.9ms | ActiveRecord: 0.0ms)


Started GET "/assets/application.self-e229079662ba64eec2df88cc9898f07a6b5005419aa37c928d3d684a6d58d3e4.css?body=1" for ::1 at 2020-10-09 10:03:51 -0700
Started GET "/assets/new_office.jpg" for ::1 at 2020-10-09 10:03:51 -0700
Started GET "/" for ::1 at 2020-10-12 13:48:14 -0700
DEPRECATION WARNING: ActiveRecord::Base.raise_in_transactional_callbacks= is deprecated, has no effect and will be removed without replacement. (called from block (3 levels) in <class:Railtie> at /Users/carlosgarciajr/.rbenv/versions/2.5.1/lib/ruby/gems/2.5.0/gems/activerecord-5.0.7.2/lib/active_record/railtie.rb:113)
Processing by StaticPagesController#index as HTML
  Rendering static_pages/index.html.erb within layouts/application
  Rendered shared/_main_nav.html.erb (0.2ms)
  Rendered shared/_masthead.html.erb (0.1ms)
  Rendered shared/_sections_nav.html.erb (0.1ms)
  Rendered shared/_search_modal.html.erb (0.2ms)
  Rendered shared/_main_content.html.erb (0.3ms)
  Rendered static_pages/index.html.erb within layouts/application (14.5ms)
Completed 500 Internal Server Error in 194ms (ActiveRecord: 0.0ms)



Sass::SyntaxError - File to import not found or unreadable: base/grid.scss.
Load paths:
  /Users/carlosgarciajr/Documents/programming/app_academy_work/curriculum/html-css/projects/aa_times/skeleton/app/assets/images
  /Users/carlosgarciajr/Documents/programming/app_academy_work/curriculum/html-css/projects/aa_times/skeleton/app/assets/javascripts
  /Users/carlosgarciajr/Documents/programming/app_academy_work/curriculum/html-css/projects/aa_times/skeleton/app/assets/stylesheets
  /Users/carlosgarciajr/Documents/programming/app_academy_work/curriculum/html-css/projects/aa_times/skeleton/vendor/assets/javascripts
  /Users/carlosgarciajr/Documents/programming/app_academy_work/curriculum/html-css/projects/aa_times/skeleton/vendor/assets/stylesheets
  /Users/carlosgarciajr/.rbenv/versions/2.5.1/lib/ruby/gems/2.5.0/gems/jquery-rails-4.4.0/vendor/assets/javascripts
  /Users/carlosgarciajr/.rbenv/versions/2.5.1/lib/ruby/gems/2.5.0/gems/coffee-rails-4.2.2/lib/assets/javascripts
  /Users/carlosgarciajr/.rbenv/versions/2.5.1/lib/ruby/gems/2.5.0/gems/actioncable-5.0.7.2/lib/assets/compiled:
  app/views/layouts/application.html.erb:7:in `_app_views_layouts_application_html_erb___270333905406359367_70279989431840'

Started POST "/__better_errors/927a171e4587d656/variables" for ::1 at 2020-10-12 13:48:14 -0700
Started GET "/" for ::1 at 2020-10-12 13:48:41 -0700
Processing by StaticPagesController#index as HTML
  Rendering static_pages/index.html.erb within layouts/application
  Rendered shared/_main_nav.html.erb (0.2ms)
  Rendered shared/_masthead.html.erb (0.1ms)
  Rendered shared/_sections_nav.html.erb (0.3ms)
  Rendered shared/_search_modal.html.erb (0.3ms)
  Rendered shared/_main_content.html.erb (0.2ms)
  Rendered static_pages/index.html.erb within layouts/application (12.8ms)
Completed 200 OK in 110ms (Views: 107.4ms | ActiveRecord: 0.0ms)


Started GET "/assets/application.self-1237ad35a9ee79bd64030d4638d1fd80f6734c490eb538e0dd01d7af3c16bf40.css?body=1" for ::1 at 2020-10-12 13:48:41 -0700
Started GET "/" for ::1 at 2020-10-12 13:48:43 -0700
Processing by StaticPagesController#index as HTML
  Rendering static_pages/index.html.erb within layouts/application
  Rendered shared/_main_nav.html.erb (0.2ms)
  Rendered shared/_masthead.html.erb (0.2ms)
  Rendered shared/_sections_nav.html.erb (0.2ms)
  Rendered shared/_search_modal.html.erb (0.2ms)
  Rendered shared/_main_content.html.erb (0.2ms)
  Rendered static_pages/index.html.erb within layouts/application (13.1ms)
Completed 200 OK in 33ms (Views: 29.9ms | ActiveRecord: 0.0ms)


Started GET "/" for ::1 at 2020-10-12 13:55:52 -0700
DEPRECATION WARNING: ActiveRecord::Base.raise_in_transactional_callbacks= is deprecated, has no effect and will be removed without replacement. (called from block (3 levels) in <class:Railtie> at /Users/carlosgarciajr/.rbenv/versions/2.5.1/lib/ruby/gems/2.5.0/gems/activerecord-5.0.7.2/lib/active_record/railtie.rb:113)
Processing by StaticPagesController#index as HTML
  Rendering static_pages/index.html.erb within layouts/application
  Rendered shared/_main_nav.html.erb (0.2ms)
  Rendered shared/_masthead.html.erb (0.1ms)
  Rendered shared/_sections_nav.html.erb (0.3ms)
  Rendered shared/_search_modal.html.erb (0.2ms)
  Rendered shared/_main_content.html.erb (0.3ms)
  Rendered static_pages/index.html.erb within layouts/application (14.6ms)
Completed 200 OK in 257ms (Views: 254.8ms | ActiveRecord: 0.0ms)


Started GET "/assets/application.self-758afe40c177e32f890a8b8e23f11571b5d1785af915c0789bd6a19191afc6ab.css?body=1" for ::1 at 2020-10-12 13:55:52 -0700
Started GET "/assets/new_office.jpg" for ::1 at 2020-10-12 13:55:52 -0700
Started GET "/" for ::1 at 2020-10-12 13:56:32 -0700
Processing by StaticPagesController#index as HTML
  Rendering static_pages/index.html.erb within layouts/application
  Rendered shared/_main_nav.html.erb (0.1ms)
  Rendered shared/_masthead.html.erb (0.2ms)
  Rendered shared/_sections_nav.html.erb (0.1ms)
  Rendered shared/_search_modal.html.erb (0.3ms)
  Rendered shared/_main_content.html.erb (0.3ms)
  Rendered static_pages/index.html.erb within layouts/application (12.3ms)
Completed 200 OK in 75ms (Views: 72.8ms | ActiveRecord: 0.0ms)


Started GET "/assets/application.self-e229079662ba64eec2df88cc9898f07a6b5005419aa37c928d3d684a6d58d3e4.css?body=1" for ::1 at 2020-10-12 13:56:32 -0700
Started GET "/assets/new_office.jpg" for ::1 at 2020-10-12 13:56:32 -0700
Started GET "/" for ::1 at 2020-10-12 13:56:33 -0700
Processing by StaticPagesController#index as HTML
  Rendering static_pages/index.html.erb within layouts/application
  Rendered shared/_main_nav.html.erb (0.2ms)
  Rendered shared/_masthead.html.erb (0.2ms)
  Rendered shared/_sections_nav.html.erb (0.2ms)
  Rendered shared/_search_modal.html.erb (0.2ms)
  Rendered shared/_main_content.html.erb (0.2ms)
  Rendered static_pages/index.html.erb within layouts/application (12.9ms)
Completed 200 OK in 34ms (Views: 31.3ms | ActiveRecord: 0.0ms)


Started GET "/assets/new_office.jpg" for ::1 at 2020-10-12 13:56:33 -0700
Started GET "/" for ::1 at 2020-10-12 13:57:15 -0700
Processing by StaticPagesController#index as HTML
  Rendering static_pages/index.html.erb within layouts/application
  Rendered shared/_main_nav.html.erb (0.2ms)
  Rendered shared/_masthead.html.erb (0.2ms)
  Rendered shared/_sections_nav.html.erb (0.2ms)
  Rendered shared/_search_modal.html.erb (0.2ms)
  Rendered shared/_main_content.html.erb (0.3ms)
  Rendered static_pages/index.html.erb within layouts/application (12.6ms)
Completed 200 OK in 92ms (Views: 88.2ms | ActiveRecord: 0.0ms)


Started GET "/assets/application.self-7aae4f884d21c0f895d0e25909b4a3857ca3f7bdd4412baf28bf32a8b1f558b1.css?body=1" for ::1 at 2020-10-12 13:57:15 -0700
Started GET "/assets/new_office.jpg" for ::1 at 2020-10-12 13:57:15 -0700
Started GET "/" for ::1 at 2021-04-29 10:19:57 -0700
DEPRECATION WARNING: ActiveRecord::Base.raise_in_transactional_callbacks= is deprecated, has no effect and will be removed without replacement. (called from block (3 levels) in <class:Railtie> at /Users/patrickschramm/.rbenv/versions/2.5.1/lib/ruby/gems/2.5.0/gems/activerecord-5.0.7.2/lib/active_record/railtie.rb:113)
Processing by StaticPagesController#index as HTML
  Rendering static_pages/index.html.erb within layouts/application
  Rendered shared/_main_nav.html.erb (0.4ms)
  Rendered shared/_masthead.html.erb (0.6ms)
  Rendered shared/_sections_nav.html.erb (0.3ms)
  Rendered shared/_search_modal.html.erb (0.4ms)
  Rendered shared/_main_content.html.erb (0.3ms)
  Rendered static_pages/index.html.erb within layouts/application (21.4ms)
Completed 200 OK in 624ms (Views: 620.3ms | ActiveRecord: 0.0ms)


Started GET "/assets/application.self-450048e8abcc31ed39cfef83442232bd52c3f1d87526c53b7dc661cf502dcdbf.css?body=1" for ::1 at 2021-04-29 10:19:58 -0700
Started GET "/assets/jquery_ujs.self-784a997f6726036b1993eb2217c9cb558e1cbb801c6da88105588c56f13b466a.js?body=1" for ::1 at 2021-04-29 10:19:58 -0700
Started GET "/assets/application.self-f571b9db02bf4ed04c38a6a29072ac382f7d4f47db1fab9817aeadb0d8665235.js?body=1" for ::1 at 2021-04-29 10:19:58 -0700
Started GET "/assets/jquery.self-bd7ddd393353a8d2480a622e80342adf488fb6006d667e8b42e4c0073393abee.js?body=1" for ::1 at 2021-04-29 10:19:58 -0700
Started GET "/assets/components/sidebar.self-2a1277f850a6fa21e1a974ef5152f177ac05516477d5081d593bb137b3d6808b.js?body=1" for ::1 at 2021-04-29 10:19:58 -0700
Started GET "/assets/components/modal.self-52188644dbb47def5ee35ae02e69eb567ca9b664472357a8a5789dd39032a265.js?body=1" for ::1 at 2021-04-29 10:19:58 -0700
Started GET "/" for ::1 at 2021-04-29 10:21:23 -0700
Processing by StaticPagesController#index as HTML
  Rendering static_pages/index.html.erb within layouts/application
  Rendered shared/_main_nav.html.erb (0.3ms)
  Rendered shared/_masthead.html.erb (0.3ms)
  Rendered shared/_sections_nav.html.erb (0.3ms)
  Rendered shared/_search_modal.html.erb (0.3ms)
  Rendered shared/_main_content.html.erb (0.2ms)
  Rendered static_pages/index.html.erb within layouts/application (15.1ms)
Completed 200 OK in 39ms (Views: 36.5ms | ActiveRecord: 0.0ms)


Started GET "/" for ::1 at 2021-04-29 10:21:40 -0700
Started GET "/" for ::1 at 2021-04-29 10:21:40 -0700
Processing by StaticPagesController#index as HTML
Processing by StaticPagesController#index as HTML
  Rendering static_pages/index.html.erb within layouts/application
  Rendered shared/_main_nav.html.erb (0.3ms)
  Rendering static_pages/index.html.erb within layouts/application
  Rendered shared/_masthead.html.erb (0.4ms)
  Rendered shared/_sections_nav.html.erb (0.4ms)
  Rendered shared/_main_nav.html.erb (0.1ms)
  Rendered shared/_search_modal.html.erb (0.4ms)
  Rendered shared/_masthead.html.erb (0.1ms)
  Rendered shared/_main_content.html.erb (0.3ms)
  Rendered static_pages/index.html.erb within layouts/application (27.9ms)
  Rendered shared/_sections_nav.html.erb (0.0ms)
  Rendered shared/_search_modal.html.erb (0.1ms)
  Rendered shared/_main_content.html.erb (0.0ms)
  Rendered static_pages/index.html.erb within layouts/application (28.9ms)
Completed 200 OK in 89ms (Views: 85.5ms | ActiveRecord: 0.0ms)


Completed 200 OK in 96ms (Views: 87.7ms | ActiveRecord: 0.0ms)


Started GET "/" for ::1 at 2021-04-29 10:21:44 -0700
Started GET "/" for ::1 at 2021-04-29 10:21:44 -0700
Processing by StaticPagesController#index as HTML
Processing by StaticPagesController#index as HTML
  Rendering static_pages/index.html.erb within layouts/application
  Rendered shared/_main_nav.html.erb (0.3ms)
  Rendering static_pages/index.html.erb within layouts/application
  Rendered shared/_masthead.html.erb (0.3ms)
  Rendered shared/_main_nav.html.erb (0.0ms)
  Rendered shared/_masthead.html.erb (0.0ms)
  Rendered shared/_sections_nav.html.erb (0.0ms)
  Rendered shared/_sections_nav.html.erb (0.3ms)
  Rendered shared/_search_modal.html.erb (0.3ms)
  Rendered shared/_search_modal.html.erb (0.0ms)
  Rendered shared/_main_content.html.erb (0.3ms)
  Rendered shared/_main_content.html.erb (0.0ms)
  Rendered static_pages/index.html.erb within layouts/application (37.7ms)
  Rendered static_pages/index.html.erb within layouts/application (24.1ms)
Completed 200 OK in 104ms (Views: 97.2ms | ActiveRecord: 0.0ms)


Completed 200 OK in 119ms (Views: 116.0ms | ActiveRecord: 0.0ms)


Started GET "/" for ::1 at 2021-04-29 10:21:47 -0700
Started GET "/" for ::1 at 2021-04-29 10:21:47 -0700
Processing by StaticPagesController#index as HTML
Processing by StaticPagesController#index as HTML
  Rendering static_pages/index.html.erb within layouts/application
  Rendering static_pages/index.html.erb within layouts/application
  Rendered shared/_main_nav.html.erb (1.1ms)
  Rendered shared/_main_nav.html.erb (0.1ms)
  Rendered shared/_masthead.html.erb (0.4ms)
  Rendered shared/_masthead.html.erb (0.0ms)
  Rendered shared/_sections_nav.html.erb (0.5ms)
  Rendered shared/_sections_nav.html.erb (0.0ms)
  Rendered shared/_search_modal.html.erb (0.4ms)
  Rendered shared/_main_content.html.erb (0.2ms)
  Rendered static_pages/index.html.erb within layouts/application (32.9ms)
  Rendered shared/_search_modal.html.erb (0.0ms)
  Rendered shared/_main_content.html.erb (0.0ms)
  Rendered static_pages/index.html.erb within layouts/application (32.7ms)
Completed 200 OK in 99ms (Views: 80.2ms | ActiveRecord: 0.0ms)


Completed 200 OK in 109ms (Views: 98.4ms | ActiveRecord: 0.0ms)


Started GET "/" for ::1 at 2021-04-29 10:21:48 -0700
Started GET "/" for ::1 at 2021-04-29 10:21:48 -0700
Processing by StaticPagesController#index as HTML
Processing by StaticPagesController#index as HTML
  Rendering static_pages/index.html.erb within layouts/application
  Rendered shared/_main_nav.html.erb (0.4ms)
  Rendering static_pages/index.html.erb within layouts/application
  Rendered shared/_masthead.html.erb (0.3ms)
  Rendered shared/_main_nav.html.erb (0.1ms)
  Rendered shared/_sections_nav.html.erb (0.3ms)
  Rendered shared/_masthead.html.erb (0.4ms)
  Rendered shared/_search_modal.html.erb (0.3ms)
  Rendered shared/_sections_nav.html.erb (0.0ms)
  Rendered shared/_main_content.html.erb (0.8ms)
  Rendered static_pages/index.html.erb within layouts/application (38.1ms)
  Rendered shared/_search_modal.html.erb (0.1ms)
  Rendered shared/_main_content.html.erb (0.1ms)
  Rendered static_pages/index.html.erb within layouts/application (33.4ms)
Completed 200 OK in 93ms (Views: 89.8ms | ActiveRecord: 0.0ms)


Completed 200 OK in 107ms (Views: 103.4ms | ActiveRecord: 0.0ms)


Started GET "/" for ::1 at 2021-04-29 10:21:55 -0700
Started GET "/" for ::1 at 2021-04-29 10:21:55 -0700
Processing by StaticPagesController#index as HTML
Processing by StaticPagesController#index as HTML
  Rendering static_pages/index.html.erb within layouts/application
  Rendering static_pages/index.html.erb within layouts/application
  Rendered shared/_main_nav.html.erb (1.1ms)
  Rendered shared/_main_nav.html.erb (0.1ms)
  Rendered shared/_masthead.html.erb (0.5ms)
  Rendered shared/_masthead.html.erb (0.0ms)
  Rendered shared/_sections_nav.html.erb (0.4ms)
  Rendered shared/_sections_nav.html.erb (0.1ms)
  Rendered shared/_search_modal.html.erb (0.5ms)
  Rendered shared/_search_modal.html.erb (0.1ms)
  Rendered shared/_main_content.html.erb (0.4ms)
  Rendered static_pages/index.html.erb within layouts/application (37.5ms)
  Rendered shared/_main_content.html.erb (0.0ms)
  Rendered static_pages/index.html.erb within layouts/application (46.5ms)
Completed 200 OK in 92ms (Views: 84.9ms | ActiveRecord: 0.0ms)


Completed 200 OK in 100ms (Views: 97.1ms | ActiveRecord: 0.0ms)


Started GET "/" for ::1 at 2021-04-29 10:21:59 -0700
Started GET "/" for ::1 at 2021-04-29 10:21:59 -0700
Processing by StaticPagesController#index as HTML
Processing by StaticPagesController#index as HTML
  Rendering static_pages/index.html.erb within layouts/application
  Rendering static_pages/index.html.erb within layouts/application
  Rendered shared/_main_nav.html.erb (0.7ms)
  Rendered shared/_main_nav.html.erb (0.1ms)
  Rendered shared/_masthead.html.erb (0.4ms)
  Rendered shared/_masthead.html.erb (0.1ms)
  Rendered shared/_sections_nav.html.erb (0.6ms)
  Rendered shared/_sections_nav.html.erb (0.0ms)
  Rendered shared/_search_modal.html.erb (0.7ms)
  Rendered shared/_search_modal.html.erb (0.0ms)
  Rendered shared/_main_content.html.erb (0.3ms)
  Rendered static_pages/index.html.erb within layouts/application (48.1ms)
  Rendered shared/_main_content.html.erb (0.0ms)
  Rendered static_pages/index.html.erb within layouts/application (40.0ms)
Completed 200 OK in 98ms (Views: 88.6ms | ActiveRecord: 0.0ms)


Completed 200 OK in 107ms (Views: 104.2ms | ActiveRecord: 0.0ms)


Started GET "/" for ::1 at 2021-04-29 10:22:02 -0700
Started GET "/" for ::1 at 2021-04-29 10:22:02 -0700
Processing by StaticPagesController#index as HTML
Processing by StaticPagesController#index as HTML
  Rendering static_pages/index.html.erb within layouts/application
  Rendering static_pages/index.html.erb within layouts/application
  Rendered shared/_main_nav.html.erb (0.4ms)
  Rendered shared/_main_nav.html.erb (0.1ms)
  Rendered shared/_masthead.html.erb (0.3ms)
  Rendered shared/_masthead.html.erb (0.0ms)
  Rendered shared/_sections_nav.html.erb (0.5ms)
  Rendered shared/_sections_nav.html.erb (0.1ms)
  Rendered shared/_search_modal.html.erb (0.3ms)
  Rendered shared/_search_modal.html.erb (0.0ms)
  Rendered shared/_main_content.html.erb (0.3ms)
  Rendered static_pages/index.html.erb within layouts/application (33.5ms)
  Rendered shared/_main_content.html.erb (0.0ms)
  Rendered static_pages/index.html.erb within layouts/application (31.5ms)
Completed 200 OK in 77ms (Views: 64.5ms | ActiveRecord: 0.0ms)


Completed 200 OK in 87ms (Views: 78.4ms | ActiveRecord: 0.0ms)


Started GET "/" for ::1 at 2021-04-29 10:22:05 -0700
Started GET "/" for ::1 at 2021-04-29 10:22:05 -0700
Processing by StaticPagesController#index as HTML
Processing by StaticPagesController#index as HTML
  Rendering static_pages/index.html.erb within layouts/application
  Rendering static_pages/index.html.erb within layouts/application
  Rendered shared/_main_nav.html.erb (0.3ms)
  Rendered shared/_main_nav.html.erb (0.1ms)
  Rendered shared/_masthead.html.erb (0.3ms)
  Rendered shared/_masthead.html.erb (0.0ms)
  Rendered shared/_sections_nav.html.erb (0.3ms)
  Rendered shared/_sections_nav.html.erb (0.1ms)
  Rendered shared/_search_modal.html.erb (0.2ms)
  Rendered shared/_main_content.html.erb (0.2ms)
  Rendered static_pages/index.html.erb within layouts/application (28.7ms)
  Rendered shared/_search_modal.html.erb (0.0ms)
  Rendered shared/_main_content.html.erb (0.0ms)
  Rendered static_pages/index.html.erb within layouts/application (29.6ms)
Completed 200 OK in 68ms (Views: 59.5ms | ActiveRecord: 0.0ms)


Completed 200 OK in 77ms (Views: 74.0ms | ActiveRecord: 0.0ms)


Started GET "/" for ::1 at 2021-04-29 10:22:06 -0700
Started GET "/" for ::1 at 2021-04-29 10:22:06 -0700
Processing by StaticPagesController#index as HTML
Processing by StaticPagesController#index as HTML
  Rendering static_pages/index.html.erb within layouts/application
  Rendering static_pages/index.html.erb within layouts/application
  Rendered shared/_main_nav.html.erb (0.3ms)
  Rendered shared/_main_nav.html.erb (0.1ms)
  Rendered shared/_masthead.html.erb (0.5ms)
  Rendered shared/_masthead.html.erb (0.0ms)
  Rendered shared/_sections_nav.html.erb (0.3ms)
  Rendered shared/_sections_nav.html.erb (0.1ms)
  Rendered shared/_search_modal.html.erb (0.3ms)
  Rendered shared/_search_modal.html.erb (0.1ms)
  Rendered shared/_main_content.html.erb (0.3ms)
  Rendered static_pages/index.html.erb within layouts/application (32.3ms)
  Rendered shared/_main_content.html.erb (0.1ms)
  Rendered static_pages/index.html.erb within layouts/application (30.9ms)
Completed 200 OK in 81ms (Views: 73.7ms | ActiveRecord: 0.0ms)


Completed 200 OK in 80ms (Views: 74.1ms | ActiveRecord: 0.0ms)


Started GET "/" for ::1 at 2021-04-29 10:22:09 -0700
Started GET "/" for ::1 at 2021-04-29 10:22:09 -0700
Processing by StaticPagesController#index as HTML
Processing by StaticPagesController#index as HTML
  Rendering static_pages/index.html.erb within layouts/application
  Rendering static_pages/index.html.erb within layouts/application
  Rendered shared/_main_nav.html.erb (0.4ms)
  Rendered shared/_main_nav.html.erb (0.1ms)
  Rendered shared/_masthead.html.erb (0.3ms)
  Rendered shared/_masthead.html.erb (0.0ms)
  Rendered shared/_sections_nav.html.erb (0.4ms)
  Rendered shared/_search_modal.html.erb (0.3ms)
  Rendered shared/_main_content.html.erb (0.2ms)
  Rendered static_pages/index.html.erb within layouts/application (29.6ms)
  Rendered shared/_sections_nav.html.erb (0.0ms)
  Rendered shared/_search_modal.html.erb (0.0ms)
  Rendered shared/_main_content.html.erb (0.0ms)
  Rendered static_pages/index.html.erb within layouts/application (29.2ms)
Completed 200 OK in 69ms (Views: 66.6ms | ActiveRecord: 0.0ms)


Completed 200 OK in 82ms (Views: 73.9ms | ActiveRecord: 0.0ms)


Started GET "/" for ::1 at 2021-04-29 10:22:11 -0700
Started GET "/" for ::1 at 2021-04-29 10:22:11 -0700
Processing by StaticPagesController#index as HTML
Processing by StaticPagesController#index as HTML
  Rendering static_pages/index.html.erb within layouts/application
  Rendered shared/_main_nav.html.erb (0.3ms)
  Rendering static_pages/index.html.erb within layouts/application
  Rendered shared/_masthead.html.erb (0.6ms)
  Rendered shared/_main_nav.html.erb (0.1ms)
  Rendered shared/_masthead.html.erb (0.0ms)
  Rendered shared/_sections_nav.html.erb (0.2ms)
  Rendered shared/_search_modal.html.erb (0.2ms)
  Rendered shared/_sections_nav.html.erb (0.0ms)
  Rendered shared/_main_content.html.erb (0.2ms)
  Rendered static_pages/index.html.erb within layouts/application (33.2ms)
  Rendered shared/_search_modal.html.erb (0.0ms)
  Rendered shared/_main_content.html.erb (0.0ms)
  Rendered static_pages/index.html.erb within layouts/application (24.4ms)
Completed 200 OK in 73ms (Views: 70.0ms | ActiveRecord: 0.0ms)


Completed 200 OK in 62ms (Views: 59.7ms | ActiveRecord: 0.0ms)


Started GET "/" for ::1 at 2021-04-29 10:22:31 -0700
Started GET "/" for ::1 at 2021-04-29 10:22:31 -0700
Processing by StaticPagesController#index as HTML
Processing by StaticPagesController#index as HTML
  Rendering static_pages/index.html.erb within layouts/application
  Rendered shared/_main_nav.html.erb (0.4ms)
  Rendered shared/_masthead.html.erb (0.3ms)
  Rendering static_pages/index.html.erb within layouts/application
  Rendered shared/_sections_nav.html.erb (0.5ms)
  Rendered shared/_search_modal.html.erb (0.3ms)
  Rendered shared/_main_nav.html.erb (0.1ms)
  Rendered shared/_main_content.html.erb (0.7ms)
  Rendered static_pages/index.html.erb within layouts/application (36.4ms)
  Rendered shared/_masthead.html.erb (0.0ms)
  Rendered shared/_sections_nav.html.erb (0.0ms)
  Rendered shared/_search_modal.html.erb (0.1ms)
  Rendered shared/_main_content.html.erb (0.1ms)
  Rendered static_pages/index.html.erb within layouts/application (28.7ms)
Completed 200 OK in 102ms (Views: 97.8ms | ActiveRecord: 0.0ms)


Completed 200 OK in 112ms (Views: 80.8ms | ActiveRecord: 0.0ms)


Started GET "/" for ::1 at 2021-04-29 10:22:37 -0700
Started GET "/" for ::1 at 2021-04-29 10:22:37 -0700
Processing by StaticPagesController#index as HTML
Processing by StaticPagesController#index as HTML
  Rendering static_pages/index.html.erb within layouts/application
  Rendering static_pages/index.html.erb within layouts/application
  Rendered shared/_main_nav.html.erb (0.5ms)
  Rendered shared/_masthead.html.erb (0.6ms)
  Rendered shared/_main_nav.html.erb (0.1ms)
  Rendered shared/_sections_nav.html.erb (0.3ms)
  Rendered shared/_masthead.html.erb (0.2ms)
  Rendered shared/_search_modal.html.erb (0.5ms)
  Rendered shared/_main_content.html.erb (0.2ms)
  Rendered static_pages/index.html.erb within layouts/application (29.6ms)
  Rendered shared/_sections_nav.html.erb (0.0ms)
  Rendered shared/_search_modal.html.erb (0.0ms)
  Rendered shared/_main_content.html.erb (0.0ms)
  Rendered static_pages/index.html.erb within layouts/application (36.1ms)
Completed 200 OK in 87ms (Views: 83.1ms | ActiveRecord: 0.0ms)


Completed 200 OK in 86ms (Views: 78.2ms | ActiveRecord: 0.0ms)


Started GET "/" for ::1 at 2021-04-29 10:22:39 -0700
Started GET "/" for ::1 at 2021-04-29 10:22:39 -0700
Processing by StaticPagesController#index as HTML
Processing by StaticPagesController#index as HTML
  Rendering static_pages/index.html.erb within layouts/application
  Rendering static_pages/index.html.erb within layouts/application
  Rendered shared/_main_nav.html.erb (0.4ms)
  Rendered shared/_main_nav.html.erb (0.0ms)
  Rendered shared/_masthead.html.erb (0.4ms)
  Rendered shared/_sections_nav.html.erb (0.4ms)
  Rendered shared/_masthead.html.erb (0.1ms)
  Rendered shared/_search_modal.html.erb (0.4ms)
  Rendered shared/_sections_nav.html.erb (0.1ms)
  Rendered shared/_main_content.html.erb (0.3ms)
  Rendered shared/_search_modal.html.erb (0.1ms)
  Rendered static_pages/index.html.erb within layouts/application (35.1ms)
  Rendered shared/_main_content.html.erb (0.0ms)
  Rendered static_pages/index.html.erb within layouts/application (37.0ms)
Completed 200 OK in 85ms (Views: 80.2ms | ActiveRecord: 0.0ms)


Completed 200 OK in 96ms (Views: 91.3ms | ActiveRecord: 0.0ms)


Started GET "/" for ::1 at 2021-04-29 10:22:45 -0700
Started GET "/" for ::1 at 2021-04-29 10:22:45 -0700
Processing by StaticPagesController#index as HTML
Processing by StaticPagesController#index as HTML
  Rendering static_pages/index.html.erb within layouts/application
  Rendering static_pages/index.html.erb within layouts/application
  Rendered shared/_main_nav.html.erb (0.3ms)
  Rendered shared/_main_nav.html.erb (0.1ms)
  Rendered shared/_masthead.html.erb (0.4ms)
  Rendered shared/_masthead.html.erb (0.1ms)
  Rendered shared/_sections_nav.html.erb (0.4ms)
  Rendered shared/_search_modal.html.erb (0.2ms)
  Rendered shared/_sections_nav.html.erb (0.0ms)
  Rendered shared/_main_content.html.erb (0.2ms)
  Rendered static_pages/index.html.erb within layouts/application (25.3ms)
  Rendered shared/_search_modal.html.erb (0.0ms)
  Rendered shared/_main_content.html.erb (0.0ms)
  Rendered static_pages/index.html.erb within layouts/application (26.2ms)
Completed 200 OK in 69ms (Views: 66.1ms | ActiveRecord: 0.0ms)


Completed 200 OK in 83ms (Views: 79.5ms | ActiveRecord: 0.0ms)


Started GET "/" for ::1 at 2021-04-29 10:22:53 -0700
Started GET "/" for ::1 at 2021-04-29 10:22:53 -0700
Processing by StaticPagesController#index as HTML
Processing by StaticPagesController#index as HTML
  Rendering static_pages/index.html.erb within layouts/application
  Rendering static_pages/index.html.erb within layouts/application
  Rendered shared/_main_nav.html.erb (0.3ms)
  Rendered shared/_main_nav.html.erb (0.0ms)
  Rendered shared/_masthead.html.erb (0.2ms)
  Rendered shared/_sections_nav.html.erb (0.2ms)
  Rendered shared/_masthead.html.erb (0.0ms)
  Rendered shared/_search_modal.html.erb (0.5ms)
  Rendered shared/_sections_nav.html.erb (0.0ms)
  Rendered shared/_search_modal.html.erb (0.0ms)
  Rendered shared/_main_content.html.erb (0.2ms)
  Rendered static_pages/index.html.erb within layouts/application (28.8ms)
  Rendered shared/_main_content.html.erb (0.0ms)
  Rendered static_pages/index.html.erb within layouts/application (26.7ms)
Completed 200 OK in 92ms (Views: 85.1ms | ActiveRecord: 0.0ms)


Completed 200 OK in 89ms (Views: 78.8ms | ActiveRecord: 0.0ms)


Started GET "/" for ::1 at 2021-04-29 10:23:05 -0700
Started GET "/" for ::1 at 2021-04-29 10:23:05 -0700
Processing by StaticPagesController#index as HTML
Processing by StaticPagesController#index as HTML
  Rendering static_pages/index.html.erb within layouts/application
  Rendered shared/_main_nav.html.erb (0.3ms)
  Rendering static_pages/index.html.erb within layouts/application
  Rendered shared/_main_nav.html.erb (0.0ms)
  Rendered shared/_masthead.html.erb (0.3ms)
  Rendered shared/_masthead.html.erb (0.1ms)
  Rendered shared/_sections_nav.html.erb (0.3ms)
  Rendered shared/_sections_nav.html.erb (0.0ms)
  Rendered shared/_search_modal.html.erb (0.3ms)
  Rendered shared/_main_content.html.erb (0.3ms)
  Rendered static_pages/index.html.erb within layouts/application (41.4ms)
  Rendered shared/_search_modal.html.erb (0.0ms)
  Rendered shared/_main_content.html.erb (0.0ms)
  Rendered static_pages/index.html.erb within layouts/application (29.7ms)
Completed 200 OK in 84ms (Views: 80.0ms | ActiveRecord: 0.0ms)


Completed 200 OK in 76ms (Views: 68.2ms | ActiveRecord: 0.0ms)


Started GET "/" for ::1 at 2021-04-29 10:23:10 -0700
Started GET "/" for ::1 at 2021-04-29 10:23:10 -0700
Processing by StaticPagesController#index as HTML
Processing by StaticPagesController#index as HTML
  Rendering static_pages/index.html.erb within layouts/application
  Rendering static_pages/index.html.erb within layouts/application
  Rendered shared/_main_nav.html.erb (0.5ms)
  Rendered shared/_main_nav.html.erb (0.0ms)
  Rendered shared/_masthead.html.erb (1.0ms)
  Rendered shared/_masthead.html.erb (0.1ms)
  Rendered shared/_sections_nav.html.erb (0.3ms)
  Rendered shared/_sections_nav.html.erb (0.0ms)
  Rendered shared/_search_modal.html.erb (0.4ms)
  Rendered shared/_search_modal.html.erb (0.0ms)
  Rendered shared/_main_content.html.erb (0.5ms)
  Rendered static_pages/index.html.erb within layouts/application (40.5ms)
  Rendered shared/_main_content.html.erb (0.0ms)
  Rendered static_pages/index.html.erb within layouts/application (36.3ms)
Completed 200 OK in 114ms (Views: 107.0ms | ActiveRecord: 0.0ms)


Completed 200 OK in 122ms (Views: 115.7ms | ActiveRecord: 0.0ms)


Started GET "/" for ::1 at 2021-04-29 10:23:13 -0700
Started GET "/" for ::1 at 2021-04-29 10:23:13 -0700
Processing by StaticPagesController#index as HTML
Processing by StaticPagesController#index as HTML
  Rendering static_pages/index.html.erb within layouts/application
  Rendering static_pages/index.html.erb within layouts/application
  Rendered shared/_main_nav.html.erb (0.5ms)
  Rendered shared/_main_nav.html.erb (0.1ms)
  Rendered shared/_masthead.html.erb (0.4ms)
  Rendered shared/_masthead.html.erb (0.0ms)
  Rendered shared/_sections_nav.html.erb (0.3ms)
  Rendered shared/_sections_nav.html.erb (0.0ms)
  Rendered shared/_search_modal.html.erb (0.3ms)
  Rendered shared/_search_modal.html.erb (0.0ms)
  Rendered shared/_main_content.html.erb (0.4ms)
  Rendered static_pages/index.html.erb within layouts/application (30.7ms)
  Rendered shared/_main_content.html.erb (0.0ms)
  Rendered static_pages/index.html.erb within layouts/application (36.3ms)
Completed 200 OK in 89ms (Views: 83.9ms | ActiveRecord: 0.0ms)


Completed 200 OK in 88ms (Views: 77.9ms | ActiveRecord: 0.0ms)


Started GET "/" for ::1 at 2021-04-29 10:23:18 -0700
Started GET "/" for ::1 at 2021-04-29 10:23:18 -0700
Processing by StaticPagesController#index as HTML
Processing by StaticPagesController#index as HTML
  Rendering static_pages/index.html.erb within layouts/application
  Rendering static_pages/index.html.erb within layouts/application
  Rendered shared/_main_nav.html.erb (0.6ms)
  Rendered shared/_main_nav.html.erb (0.1ms)
  Rendered shared/_masthead.html.erb (0.3ms)
  Rendered shared/_masthead.html.erb (0.1ms)
  Rendered shared/_sections_nav.html.erb (0.6ms)
  Rendered shared/_sections_nav.html.erb (0.1ms)
  Rendered shared/_search_modal.html.erb (0.6ms)
  Rendered shared/_search_modal.html.erb (0.1ms)
  Rendered shared/_main_content.html.erb (0.3ms)
  Rendered static_pages/index.html.erb within layouts/application (50.8ms)
  Rendered shared/_main_content.html.erb (0.1ms)
  Rendered static_pages/index.html.erb within layouts/application (43.0ms)
Completed 200 OK in 102ms (Views: 98.9ms | ActiveRecord: 0.0ms)


Completed 200 OK in 114ms (Views: 110.0ms | ActiveRecord: 0.0ms)


Started GET "/" for ::1 at 2021-04-29 10:23:20 -0700
Started GET "/" for ::1 at 2021-04-29 10:23:20 -0700
Processing by StaticPagesController#index as HTML
Processing by StaticPagesController#index as HTML
  Rendering static_pages/index.html.erb within layouts/application
  Rendered shared/_main_nav.html.erb (0.6ms)
  Rendering static_pages/index.html.erb within layouts/application
  Rendered shared/_masthead.html.erb (0.6ms)
  Rendered shared/_main_nav.html.erb (0.1ms)
  Rendered shared/_sections_nav.html.erb (0.7ms)
  Rendered shared/_masthead.html.erb (0.1ms)
  Rendered shared/_sections_nav.html.erb (0.0ms)
  Rendered shared/_search_modal.html.erb (0.4ms)
  Rendered shared/_search_modal.html.erb (0.0ms)
  Rendered shared/_main_content.html.erb (0.3ms)
  Rendered static_pages/index.html.erb within layouts/application (44.8ms)
  Rendered shared/_main_content.html.erb (0.0ms)
  Rendered static_pages/index.html.erb within layouts/application (28.7ms)
Completed 200 OK in 89ms (Views: 77.8ms | ActiveRecord: 0.0ms)


Completed 200 OK in 88ms (Views: 85.9ms | ActiveRecord: 0.0ms)


Started GET "/" for ::1 at 2021-04-29 10:23:21 -0700
Started GET "/" for ::1 at 2021-04-29 10:23:21 -0700
Processing by StaticPagesController#index as HTML
Processing by StaticPagesController#index as HTML
  Rendering static_pages/index.html.erb within layouts/application
  Rendered shared/_main_nav.html.erb (0.4ms)
  Rendering static_pages/index.html.erb within layouts/application
  Rendered shared/_masthead.html.erb (0.3ms)
  Rendered shared/_sections_nav.html.erb (0.3ms)
  Rendered shared/_main_nav.html.erb (0.0ms)
  Rendered shared/_masthead.html.erb (0.0ms)
  Rendered shared/_sections_nav.html.erb (0.0ms)
  Rendered shared/_search_modal.html.erb (0.0ms)
  Rendered shared/_search_modal.html.erb (0.3ms)
  Rendered shared/_main_content.html.erb (0.3ms)
  Rendered static_pages/index.html.erb within layouts/application (23.4ms)
  Rendered shared/_main_content.html.erb (0.0ms)
  Rendered static_pages/index.html.erb within layouts/application (35.6ms)
Completed 200 OK in 70ms (Views: 61.1ms | ActiveRecord: 0.0ms)


Completed 200 OK in 90ms (Views: 85.0ms | ActiveRecord: 0.0ms)


Started GET "/" for ::1 at 2021-04-29 10:23:25 -0700
Started GET "/" for ::1 at 2021-04-29 10:23:25 -0700
Processing by StaticPagesController#index as HTML
Processing by StaticPagesController#index as HTML
  Rendering static_pages/index.html.erb within layouts/application
  Rendered shared/_main_nav.html.erb (0.5ms)
  Rendering static_pages/index.html.erb within layouts/application
  Rendered shared/_main_nav.html.erb (0.0ms)
  Rendered shared/_masthead.html.erb (0.3ms)
  Rendered shared/_masthead.html.erb (0.0ms)
  Rendered shared/_sections_nav.html.erb (0.3ms)
  Rendered shared/_sections_nav.html.erb (0.0ms)
  Rendered shared/_search_modal.html.erb (0.3ms)
  Rendered shared/_search_modal.html.erb (0.0ms)
  Rendered shared/_main_content.html.erb (0.3ms)
  Rendered static_pages/index.html.erb within layouts/application (22.1ms)
  Rendered shared/_main_content.html.erb (0.0ms)
  Rendered static_pages/index.html.erb within layouts/application (35.6ms)
Completed 200 OK in 84ms (Views: 79.9ms | ActiveRecord: 0.0ms)


Completed 200 OK in 78ms (Views: 68.5ms | ActiveRecord: 0.0ms)


Started GET "/" for ::1 at 2021-04-29 10:23:28 -0700
Started GET "/" for ::1 at 2021-04-29 10:23:28 -0700
Processing by StaticPagesController#index as HTML
Processing by StaticPagesController#index as HTML
  Rendering static_pages/index.html.erb within layouts/application
  Rendering static_pages/index.html.erb within layouts/application
  Rendered shared/_main_nav.html.erb (0.3ms)
  Rendered shared/_main_nav.html.erb (0.0ms)
  Rendered shared/_masthead.html.erb (0.2ms)
  Rendered shared/_masthead.html.erb (0.0ms)
  Rendered shared/_sections_nav.html.erb (0.4ms)
  Rendered shared/_sections_nav.html.erb (0.0ms)
  Rendered shared/_search_modal.html.erb (0.3ms)
  Rendered shared/_search_modal.html.erb (0.0ms)
  Rendered shared/_main_content.html.erb (0.4ms)
  Rendered static_pages/index.html.erb within layouts/application (27.2ms)
  Rendered shared/_main_content.html.erb (0.0ms)
  Rendered static_pages/index.html.erb within layouts/application (32.0ms)
Completed 200 OK in 75ms (Views: 67.0ms | ActiveRecord: 0.0ms)


Completed 200 OK in 88ms (Views: 81.3ms | ActiveRecord: 0.0ms)


Started GET "/" for ::1 at 2021-04-29 10:23:29 -0700
Started GET "/" for ::1 at 2021-04-29 10:23:29 -0700
Processing by StaticPagesController#index as HTML
Processing by StaticPagesController#index as HTML
  Rendering static_pages/index.html.erb within layouts/application
  Rendered shared/_main_nav.html.erb (0.4ms)
  Rendering static_pages/index.html.erb within layouts/application
  Rendered shared/_masthead.html.erb (0.3ms)
  Rendered shared/_main_nav.html.erb (0.0ms)
  Rendered shared/_sections_nav.html.erb (0.2ms)
  Rendered shared/_masthead.html.erb (0.0ms)
  Rendered shared/_sections_nav.html.erb (0.0ms)
  Rendered shared/_search_modal.html.erb (0.2ms)
  Rendered shared/_search_modal.html.erb (0.0ms)
  Rendered shared/_main_content.html.erb (1.1ms)
  Rendered static_pages/index.html.erb within layouts/application (32.2ms)
  Rendered shared/_main_content.html.erb (0.1ms)
  Rendered static_pages/index.html.erb within layouts/application (27.1ms)
Completed 200 OK in 82ms (Views: 72.6ms | ActiveRecord: 0.0ms)


Completed 200 OK in 84ms (Views: 75.6ms | ActiveRecord: 0.0ms)


Started GET "/" for ::1 at 2021-04-29 10:23:31 -0700
Started GET "/" for ::1 at 2021-04-29 10:23:31 -0700
Processing by StaticPagesController#index as HTML
Processing by StaticPagesController#index as HTML
  Rendering static_pages/index.html.erb within layouts/application
  Rendered shared/_main_nav.html.erb (0.3ms)
  Rendered shared/_masthead.html.erb (0.2ms)
  Rendering static_pages/index.html.erb within layouts/application
  Rendered shared/_sections_nav.html.erb (0.4ms)
  Rendered shared/_search_modal.html.erb (0.3ms)
  Rendered shared/_main_nav.html.erb (0.0ms)
  Rendered shared/_main_content.html.erb (0.2ms)
  Rendered static_pages/index.html.erb within layouts/application (25.7ms)
  Rendered shared/_masthead.html.erb (0.0ms)
  Rendered shared/_sections_nav.html.erb (0.0ms)
  Rendered shared/_search_modal.html.erb (0.0ms)
  Rendered shared/_main_content.html.erb (0.0ms)
  Rendered static_pages/index.html.erb within layouts/application (21.6ms)
Completed 200 OK in 67ms (Views: 63.2ms | ActiveRecord: 0.0ms)


Completed 200 OK in 85ms (Views: 80.8ms | ActiveRecord: 0.0ms)


Started GET "/" for ::1 at 2021-04-29 10:23:37 -0700
Started GET "/" for ::1 at 2021-04-29 10:23:37 -0700
Processing by StaticPagesController#index as HTML
Processing by StaticPagesController#index as HTML
  Rendering static_pages/index.html.erb within layouts/application
  Rendered shared/_main_nav.html.erb (0.2ms)
  Rendering static_pages/index.html.erb within layouts/application
  Rendered shared/_masthead.html.erb (0.8ms)
  Rendered shared/_main_nav.html.erb (0.1ms)
  Rendered shared/_sections_nav.html.erb (0.3ms)
  Rendered shared/_masthead.html.erb (0.1ms)
  Rendered shared/_search_modal.html.erb (0.3ms)
  Rendered shared/_sections_nav.html.erb (0.0ms)
  Rendered shared/_main_content.html.erb (0.4ms)
  Rendered static_pages/index.html.erb within layouts/application (30.3ms)
  Rendered shared/_search_modal.html.erb (0.0ms)
  Rendered shared/_main_content.html.erb (0.0ms)
  Rendered static_pages/index.html.erb within layouts/application (27.9ms)
Completed 200 OK in 73ms (Views: 67.1ms | ActiveRecord: 0.0ms)


Completed 200 OK in 73ms (Views: 63.0ms | ActiveRecord: 0.0ms)


Started GET "/" for ::1 at 2021-04-29 10:23:48 -0700
Started GET "/" for ::1 at 2021-04-29 10:23:48 -0700
Processing by StaticPagesController#index as HTML
Processing by StaticPagesController#index as HTML
  Rendering static_pages/index.html.erb within layouts/application
  Rendering static_pages/index.html.erb within layouts/application
  Rendered shared/_main_nav.html.erb (0.3ms)
  Rendered shared/_main_nav.html.erb (0.0ms)
  Rendered shared/_masthead.html.erb (0.3ms)
  Rendered shared/_masthead.html.erb (0.0ms)
  Rendered shared/_sections_nav.html.erb (0.3ms)
  Rendered shared/_sections_nav.html.erb (0.0ms)
  Rendered shared/_search_modal.html.erb (0.3ms)
  Rendered shared/_search_modal.html.erb (0.0ms)
  Rendered shared/_main_content.html.erb (0.3ms)
  Rendered static_pages/index.html.erb within layouts/application (28.2ms)
  Rendered shared/_main_content.html.erb (0.0ms)
  Rendered static_pages/index.html.erb within layouts/application (26.7ms)
Completed 200 OK in 67ms (Views: 63.6ms | ActiveRecord: 0.0ms)


Completed 200 OK in 76ms (Views: 70.1ms | ActiveRecord: 0.0ms)


Started GET "/" for ::1 at 2021-04-29 10:23:52 -0700
Started GET "/" for ::1 at 2021-04-29 10:23:52 -0700
Processing by StaticPagesController#index as HTML
Processing by StaticPagesController#index as HTML
  Rendering static_pages/index.html.erb within layouts/application
  Rendered shared/_main_nav.html.erb (0.3ms)
  Rendered shared/_masthead.html.erb (0.5ms)
  Rendering static_pages/index.html.erb within layouts/application
  Rendered shared/_sections_nav.html.erb (0.3ms)
  Rendered shared/_main_nav.html.erb (0.1ms)
  Rendered shared/_search_modal.html.erb (0.3ms)
  Rendered shared/_main_content.html.erb (0.3ms)
  Rendered static_pages/index.html.erb within layouts/application (30.7ms)
  Rendered shared/_masthead.html.erb (0.0ms)
  Rendered shared/_sections_nav.html.erb (0.0ms)
  Rendered shared/_search_modal.html.erb (0.0ms)
  Rendered shared/_main_content.html.erb (0.0ms)
  Rendered static_pages/index.html.erb within layouts/application (21.2ms)
Completed 200 OK in 81ms (Views: 77.0ms | ActiveRecord: 0.0ms)


Completed 200 OK in 71ms (Views: 64.7ms | ActiveRecord: 0.0ms)


Started GET "/" for ::1 at 2021-04-29 10:23:55 -0700
Started GET "/" for ::1 at 2021-04-29 10:23:55 -0700
Processing by StaticPagesController#index as HTML
Processing by StaticPagesController#index as HTML
  Rendering static_pages/index.html.erb within layouts/application
  Rendering static_pages/index.html.erb within layouts/application
  Rendered shared/_main_nav.html.erb (0.3ms)
  Rendered shared/_main_nav.html.erb (0.1ms)
  Rendered shared/_masthead.html.erb (0.4ms)
  Rendered shared/_sections_nav.html.erb (0.2ms)
  Rendered shared/_masthead.html.erb (0.1ms)
  Rendered shared/_search_modal.html.erb (0.4ms)
  Rendered shared/_sections_nav.html.erb (0.0ms)
  Rendered shared/_main_content.html.erb (0.4ms)
  Rendered shared/_search_modal.html.erb (0.0ms)
  Rendered static_pages/index.html.erb within layouts/application (47.8ms)
  Rendered shared/_main_content.html.erb (0.1ms)
  Rendered static_pages/index.html.erb within layouts/application (51.9ms)
Completed 200 OK in 111ms (Views: 105.7ms | ActiveRecord: 0.0ms)


Completed 200 OK in 116ms (Views: 109.6ms | ActiveRecord: 0.0ms)


Started GET "/" for ::1 at 2021-04-29 10:24:21 -0700
Processing by StaticPagesController#index as HTML
  Rendering static_pages/index.html.erb within layouts/application
  Rendered shared/_main_nav.html.erb (0.3ms)
  Rendered shared/_masthead.html.erb (0.4ms)
  Rendered shared/_sections_nav.html.erb (0.2ms)
  Rendered shared/_search_modal.html.erb (0.2ms)
  Rendered shared/_main_content.html.erb (0.2ms)
  Rendered static_pages/index.html.erb within layouts/application (16.8ms)
Completed 200 OK in 48ms (Views: 44.6ms | ActiveRecord: 0.0ms)


Started GET "/" for ::1 at 2021-04-29 10:24:25 -0700
Started GET "/" for ::1 at 2021-04-29 10:24:25 -0700
Processing by StaticPagesController#index as HTML
Processing by StaticPagesController#index as HTML
  Rendering static_pages/index.html.erb within layouts/application
  Rendering static_pages/index.html.erb within layouts/application
  Rendered shared/_main_nav.html.erb (0.6ms)
  Rendered shared/_main_nav.html.erb (0.1ms)
  Rendered shared/_masthead.html.erb (0.4ms)
  Rendered shared/_masthead.html.erb (0.0ms)
  Rendered shared/_sections_nav.html.erb (0.3ms)
  Rendered shared/_sections_nav.html.erb (0.1ms)
  Rendered shared/_search_modal.html.erb (0.7ms)
  Rendered shared/_search_modal.html.erb (0.0ms)
  Rendered shared/_main_content.html.erb (0.4ms)
  Rendered static_pages/index.html.erb within layouts/application (37.8ms)
  Rendered shared/_main_content.html.erb (0.1ms)
  Rendered static_pages/index.html.erb within layouts/application (34.6ms)
Completed 200 OK in 88ms (Views: 82.8ms | ActiveRecord: 0.0ms)


Completed 200 OK in 82ms (Views: 79.1ms | ActiveRecord: 0.0ms)


Started GET "/" for ::1 at 2021-04-29 10:24:27 -0700
Started GET "/" for ::1 at 2021-04-29 10:24:27 -0700
Processing by StaticPagesController#index as HTML
  Rendering static_pages/index.html.erb within layouts/application
Processing by StaticPagesController#index as HTML
  Rendered shared/_main_nav.html.erb (0.3ms)
  Rendered shared/_masthead.html.erb (0.3ms)
  Rendering static_pages/index.html.erb within layouts/application
  Rendered shared/_sections_nav.html.erb (0.3ms)
  Rendered shared/_main_nav.html.erb (0.1ms)
  Rendered shared/_search_modal.html.erb (0.3ms)
  Rendered shared/_masthead.html.erb (0.0ms)
  Rendered shared/_sections_nav.html.erb (0.0ms)
  Rendered shared/_main_content.html.erb (0.2ms)
  Rendered static_pages/index.html.erb within layouts/application (36.2ms)
  Rendered shared/_search_modal.html.erb (0.0ms)
  Rendered shared/_main_content.html.erb (0.0ms)
  Rendered static_pages/index.html.erb within layouts/application (20.8ms)
Completed 200 OK in 66ms (Views: 63.2ms | ActiveRecord: 0.0ms)


Completed 200 OK in 82ms (Views: 79.6ms | ActiveRecord: 0.0ms)


Started GET "/" for ::1 at 2021-04-29 10:24:34 -0700
Started GET "/" for ::1 at 2021-04-29 10:24:34 -0700
Processing by StaticPagesController#index as HTML
Processing by StaticPagesController#index as HTML
  Rendering static_pages/index.html.erb within layouts/application
  Rendering static_pages/index.html.erb within layouts/application
  Rendered shared/_main_nav.html.erb (0.2ms)
  Rendered shared/_main_nav.html.erb (0.1ms)
  Rendered shared/_masthead.html.erb (0.7ms)
  Rendered shared/_masthead.html.erb (0.1ms)
  Rendered shared/_sections_nav.html.erb (0.5ms)
  Rendered shared/_sections_nav.html.erb (0.1ms)
  Rendered shared/_search_modal.html.erb (0.7ms)
  Rendered shared/_search_modal.html.erb (0.0ms)
  Rendered shared/_main_content.html.erb (0.6ms)
  Rendered static_pages/index.html.erb within layouts/application (36.5ms)
  Rendered shared/_main_content.html.erb (0.1ms)
  Rendered static_pages/index.html.erb within layouts/application (34.5ms)
Completed 200 OK in 76ms (Views: 68.2ms | ActiveRecord: 0.0ms)


Completed 200 OK in 84ms (Views: 80.9ms | ActiveRecord: 0.0ms)


Started GET "/" for ::1 at 2021-04-29 10:24:37 -0700
Started GET "/" for ::1 at 2021-04-29 10:24:37 -0700
Processing by StaticPagesController#index as HTML
  Rendering static_pages/index.html.erb within layouts/application
Processing by StaticPagesController#index as HTML
  Rendering static_pages/index.html.erb within layouts/application
  Rendered shared/_main_nav.html.erb (18.8ms)
  Rendered static_pages/index.html.erb within layouts/application (25.2ms)
Completed 500 Internal Server Error in 38ms (ActiveRecord: 0.0ms)


  Rendered shared/_main_nav.html.erb (7.2ms)
  Rendered static_pages/index.html.erb within layouts/application (20.4ms)

ArgumentError - You invoked render but did not give any of :partial, :template, :inline, :file, :plain, :html, :text or :body option.:
  app/views/shared/_main_nav.html.erb:24:in `_app_views_shared__main_nav_html_erb__3879316134527521359_70184343720100'
  app/views/static_pages/index.html.erb:1:in `_app_views_static_pages_index_html_erb__857987058862670179_70184335938040'

Completed 500 Internal Server Error in 33ms (ActiveRecord: 0.0ms)



ArgumentError - You invoked render but did not give any of :partial, :template, :inline, :file, :plain, :html, :text or :body option.:
  app/views/shared/_main_nav.html.erb:24:in `_app_views_shared__main_nav_html_erb__3879316134527521359_70184343720100'
  app/views/static_pages/index.html.erb:1:in `_app_views_static_pages_index_html_erb__857987058862670179_70184335938040'

Started POST "/__better_errors/dacfeb0d1578f143/variables" for ::1 at 2021-04-29 10:24:37 -0700
Started GET "/" for ::1 at 2021-04-29 10:24:42 -0700
Started GET "/" for ::1 at 2021-04-29 10:24:42 -0700
Processing by StaticPagesController#index as HTML
Processing by StaticPagesController#index as HTML
  Rendering static_pages/index.html.erb within layouts/application
  Rendering static_pages/index.html.erb within layouts/application
  Rendered shared/_main_nav.html.erb (7.6ms)
  Rendered static_pages/index.html.erb within layouts/application (23.4ms)
Completed 500 Internal Server Error in 41ms (ActiveRecord: 0.0ms)


  Rendered shared/_main_nav.html.erb (8.0ms)
  Rendered static_pages/index.html.erb within layouts/application (24.0ms)
Completed 500 Internal Server Error in 42ms (ActiveRecord: 0.0ms)



ArgumentError - You invoked render but did not give any of :partial, :template, :inline, :file, :plain, :html, :text or :body option.:
  app/views/shared/_main_nav.html.erb:24:in `_app_views_shared__main_nav_html_erb__3879316134527521359_70184326996920'
  app/views/static_pages/index.html.erb:1:in `_app_views_static_pages_index_html_erb__857987058862670179_70184313063080'


ArgumentError - You invoked render but did not give any of :partial, :template, :inline, :file, :plain, :html, :text or :body option.:
  app/views/shared/_main_nav.html.erb:24:in `_app_views_shared__main_nav_html_erb__3879316134527521359_70184326996920'
  app/views/static_pages/index.html.erb:1:in `_app_views_static_pages_index_html_erb__857987058862670179_70184313063080'

Started POST "/__better_errors/2890a7fa04cb697f/variables" for ::1 at 2021-04-29 10:24:42 -0700
Started GET "/" for ::1 at 2021-04-29 10:24:46 -0700
Started GET "/" for ::1 at 2021-04-29 10:24:46 -0700
Processing by StaticPagesController#index as HTML
Processing by StaticPagesController#index as HTML
  Rendering static_pages/index.html.erb within layouts/application
  Rendered shared/_main_nav.html.erb (0.8ms)
  Rendered static_pages/index.html.erb within layouts/application (5.9ms)
Completed 500 Internal Server Error in 19ms (ActiveRecord: 0.0ms)



SyntaxError - syntax error, unexpected ')'
...fer.append=( render partial:  );@output_buffer.safe_append='
...                              ^
/Users/patrickschramm/Desktop/aA-classwork/Week-7/W7-D4/AA_Times/app/views/shared/_main_nav.html.erb:29: syntax error, unexpected keyword_ensure, expecting ')'
          ensure
          ^~~~~~
/Users/patrickschramm/Desktop/aA-classwork/Week-7/W7-D4/AA_Times/app/views/shared/_main_nav.html.erb:31: syntax error, unexpected keyword_end, expecting ')'
          end
          ^~~:
  app/views/shared/_main_nav.html.erb:24:in `'
  app/views/static_pages/index.html.erb:1:in `_app_views_static_pages_index_html_erb__857987058862670179_70184396806560'

  Rendering static_pages/index.html.erb within layouts/application
  Rendered shared/_main_nav.html.erb (0.7ms)
  Rendered static_pages/index.html.erb within layouts/application (3.6ms)
Completed 500 Internal Server Error in 29ms (ActiveRecord: 0.0ms)



SyntaxError - syntax error, unexpected ')'
...fer.append=( render partial:  );@output_buffer.safe_append='
...                              ^
/Users/patrickschramm/Desktop/aA-classwork/Week-7/W7-D4/AA_Times/app/views/shared/_main_nav.html.erb:29: syntax error, unexpected keyword_ensure, expecting ')'
          ensure
          ^~~~~~
/Users/patrickschramm/Desktop/aA-classwork/Week-7/W7-D4/AA_Times/app/views/shared/_main_nav.html.erb:31: syntax error, unexpected keyword_end, expecting ')'
          end
          ^~~:
  app/views/shared/_main_nav.html.erb:24:in `'
  app/views/static_pages/index.html.erb:1:in `_app_views_static_pages_index_html_erb__857987058862670179_70184396806560'

Started POST "/__better_errors/0a3ad1487ee03a18/variables" for ::1 at 2021-04-29 10:24:46 -0700
Started GET "/" for ::1 at 2021-04-29 10:24:48 -0700
Started GET "/" for ::1 at 2021-04-29 10:24:48 -0700
Processing by StaticPagesController#index as HTML
Processing by StaticPagesController#index as HTML
  Rendering static_pages/index.html.erb within layouts/application
  Rendering static_pages/index.html.erb within layouts/application
  Rendered shared/_main_nav.html.erb (8.1ms)
  Rendered static_pages/index.html.erb within layouts/application (14.9ms)
Completed 500 Internal Server Error in 41ms (ActiveRecord: 0.0ms)



NoMethodError - undefined method `empty?' for nil:NilClass:
  app/views/shared/_main_nav.html.erb:24:in `_app_views_shared__main_nav_html_erb__3879316134527521359_70184310623940'
  app/views/static_pages/index.html.erb:1:in `_app_views_static_pages_index_html_erb__857987058862670179_70184310917600'

  Rendered shared/_main_nav.html.erb (31.3ms)
  Rendered static_pages/index.html.erb within layouts/application (48.6ms)
Completed 500 Internal Server Error in 71ms (ActiveRecord: 0.0ms)



NoMethodError - undefined method `empty?' for nil:NilClass:
  app/views/shared/_main_nav.html.erb:24:in `_app_views_shared__main_nav_html_erb__3879316134527521359_70184310623940'
  app/views/static_pages/index.html.erb:1:in `_app_views_static_pages_index_html_erb__857987058862670179_70184310917600'

Started POST "/__better_errors/dd769038f5adbd14/variables" for ::1 at 2021-04-29 10:24:48 -0700
Started GET "/" for ::1 at 2021-04-29 10:24:53 -0700
Started GET "/" for ::1 at 2021-04-29 10:24:53 -0700
Processing by StaticPagesController#index as HTML
Processing by StaticPagesController#index as HTML
  Rendering static_pages/index.html.erb within layouts/application
  Rendered shared/_main_nav.html.erb (13.4ms)
  Rendered static_pages/index.html.erb within layouts/application (29.7ms)
Completed 500 Internal Server Error in 49ms (ActiveRecord: 0.0ms)


  Rendering static_pages/index.html.erb within layouts/application

ActionView::MissingTemplate - Missing partial shared/_gear with {:locale=>[:en], :formats=>[:html], :variants=>[], :handlers=>[:raw, :erb, :html, :builder, :ruby, :coffee, :jbuilder]}. Searched in:
  * "/Users/patrickschramm/Desktop/aA-classwork/Week-7/W7-D4/AA_Times/app/views":
  app/views/shared/_main_nav.html.erb:24:in `_app_views_shared__main_nav_html_erb__3879316134527521359_70184371039900'
  app/views/static_pages/index.html.erb:1:in `_app_views_static_pages_index_html_erb__857987058862670179_70184343887620'

  Rendered shared/_main_nav.html.erb (15.4ms)
  Rendered static_pages/index.html.erb within layouts/application (18.8ms)
Completed 500 Internal Server Error in 70ms (ActiveRecord: 0.0ms)



ActionView::MissingTemplate - Missing partial shared/_gear with {:locale=>[:en], :formats=>[:html], :variants=>[], :handlers=>[:raw, :erb, :html, :builder, :ruby, :coffee, :jbuilder]}. Searched in:
  * "/Users/patrickschramm/Desktop/aA-classwork/Week-7/W7-D4/AA_Times/app/views":
  app/views/shared/_main_nav.html.erb:24:in `_app_views_shared__main_nav_html_erb__3879316134527521359_70184371039900'
  app/views/static_pages/index.html.erb:1:in `_app_views_static_pages_index_html_erb__857987058862670179_70184343887620'

Started POST "/__better_errors/ae4a2e893a6472dc/variables" for ::1 at 2021-04-29 10:24:53 -0700
Started GET "/" for ::1 at 2021-04-29 10:24:58 -0700
Started GET "/" for ::1 at 2021-04-29 10:24:58 -0700
Processing by StaticPagesController#index as HTML
  Rendering static_pages/index.html.erb within layouts/application
Processing by StaticPagesController#index as HTML
  Rendered shared/_gear_dropdown.html.erb (0.4ms)
  Rendered shared/_main_nav.html.erb (10.6ms)
  Rendering static_pages/index.html.erb within layouts/application
  Rendered shared/_masthead.html.erb (0.4ms)
  Rendered shared/_gear_dropdown.html.erb (0.0ms)
  Rendered shared/_main_nav.html.erb (6.8ms)
  Rendered shared/_sections_nav.html.erb (0.3ms)
  Rendered shared/_masthead.html.erb (0.1ms)
  Rendered shared/_search_modal.html.erb (0.4ms)
  Rendered shared/_sections_nav.html.erb (0.1ms)
  Rendered shared/_main_content.html.erb (0.5ms)
  Rendered static_pages/index.html.erb within layouts/application (52.6ms)
  Rendered shared/_search_modal.html.erb (0.0ms)
  Rendered shared/_main_content.html.erb (0.0ms)
  Rendered static_pages/index.html.erb within layouts/application (32.9ms)
Completed 200 OK in 75ms (Views: 72.6ms | ActiveRecord: 0.0ms)


Completed 200 OK in 98ms (Views: 95.6ms | ActiveRecord: 0.0ms)


Started GET "/assets/application.self-450048e8abcc31ed39cfef83442232bd52c3f1d87526c53b7dc661cf502dcdbf.css?body=1&livereload=1619717286329" for ::1 at 2021-04-29 10:28:06 -0700
Started GET "/assets/application.self-450048e8abcc31ed39cfef83442232bd52c3f1d87526c53b7dc661cf502dcdbf.css?body=1&livereload=1619717286327" for ::1 at 2021-04-29 10:28:06 -0700
Started GET "/assets/application.self-450048e8abcc31ed39cfef83442232bd52c3f1d87526c53b7dc661cf502dcdbf.css?body=1&livereload=1619717288280" for ::1 at 2021-04-29 10:28:08 -0700
Started GET "/assets/application.self-450048e8abcc31ed39cfef83442232bd52c3f1d87526c53b7dc661cf502dcdbf.css?body=1&livereload=1619717288278" for ::1 at 2021-04-29 10:28:08 -0700
Started GET "/assets/application.self-450048e8abcc31ed39cfef83442232bd52c3f1d87526c53b7dc661cf502dcdbf.css?body=1&livereload=1619717290331" for ::1 at 2021-04-29 10:28:10 -0700
Started GET "/assets/application.self-450048e8abcc31ed39cfef83442232bd52c3f1d87526c53b7dc661cf502dcdbf.css?body=1&livereload=1619717290333" for ::1 at 2021-04-29 10:28:10 -0700
Started GET "/assets/application.self-450048e8abcc31ed39cfef83442232bd52c3f1d87526c53b7dc661cf502dcdbf.css?body=1&livereload=1619717292292" for ::1 at 2021-04-29 10:28:12 -0700
Started GET "/assets/application.self-450048e8abcc31ed39cfef83442232bd52c3f1d87526c53b7dc661cf502dcdbf.css?body=1&livereload=1619717292294" for ::1 at 2021-04-29 10:28:12 -0700
Started GET "/assets/application.self-450048e8abcc31ed39cfef83442232bd52c3f1d87526c53b7dc661cf502dcdbf.css?body=1&livereload=1619717293320" for ::1 at 2021-04-29 10:28:13 -0700
Started GET "/assets/application.self-450048e8abcc31ed39cfef83442232bd52c3f1d87526c53b7dc661cf502dcdbf.css?body=1&livereload=1619717293322" for ::1 at 2021-04-29 10:28:13 -0700
Started GET "/assets/application.self-450048e8abcc31ed39cfef83442232bd52c3f1d87526c53b7dc661cf502dcdbf.css?body=1&livereload=1619717302373" for ::1 at 2021-04-29 10:28:22 -0700
Started GET "/assets/application.self-450048e8abcc31ed39cfef83442232bd52c3f1d87526c53b7dc661cf502dcdbf.css?body=1&livereload=1619717302375" for ::1 at 2021-04-29 10:28:22 -0700
Started GET "/assets/application.self-450048e8abcc31ed39cfef83442232bd52c3f1d87526c53b7dc661cf502dcdbf.css?body=1&livereload=1619717314405" for ::1 at 2021-04-29 10:28:34 -0700
Started GET "/assets/application.self-450048e8abcc31ed39cfef83442232bd52c3f1d87526c53b7dc661cf502dcdbf.css?body=1&livereload=1619717314407" for ::1 at 2021-04-29 10:28:34 -0700
Started GET "/assets/application.self-450048e8abcc31ed39cfef83442232bd52c3f1d87526c53b7dc661cf502dcdbf.css?body=1&livereload=1619717316357" for ::1 at 2021-04-29 10:28:36 -0700
Started GET "/assets/application.self-450048e8abcc31ed39cfef83442232bd52c3f1d87526c53b7dc661cf502dcdbf.css?body=1&livereload=1619717316360" for ::1 at 2021-04-29 10:28:36 -0700
Started GET "/assets/application.self-450048e8abcc31ed39cfef83442232bd52c3f1d87526c53b7dc661cf502dcdbf.css?body=1&livereload=1619717319351" for ::1 at 2021-04-29 10:28:39 -0700
Started GET "/assets/application.self-450048e8abcc31ed39cfef83442232bd52c3f1d87526c53b7dc661cf502dcdbf.css?body=1&livereload=1619717319353" for ::1 at 2021-04-29 10:28:39 -0700
Started GET "/assets/application.self-450048e8abcc31ed39cfef83442232bd52c3f1d87526c53b7dc661cf502dcdbf.css?body=1&livereload=1619717335503" for ::1 at 2021-04-29 10:28:55 -0700
Started GET "/assets/application.self-450048e8abcc31ed39cfef83442232bd52c3f1d87526c53b7dc661cf502dcdbf.css?body=1&livereload=1619717335505" for ::1 at 2021-04-29 10:28:55 -0700
Started GET "/assets/application.self-450048e8abcc31ed39cfef83442232bd52c3f1d87526c53b7dc661cf502dcdbf.css?body=1&livereload=1619717369538" for ::1 at 2021-04-29 10:29:29 -0700
Started GET "/assets/application.self-450048e8abcc31ed39cfef83442232bd52c3f1d87526c53b7dc661cf502dcdbf.css?body=1&livereload=1619717369539" for ::1 at 2021-04-29 10:29:29 -0700
Started GET "/assets/application.self-450048e8abcc31ed39cfef83442232bd52c3f1d87526c53b7dc661cf502dcdbf.css?body=1&livereload=1619717373553" for ::1 at 2021-04-29 10:29:33 -0700
Started GET "/assets/application.self-450048e8abcc31ed39cfef83442232bd52c3f1d87526c53b7dc661cf502dcdbf.css?body=1&livereload=1619717373555" for ::1 at 2021-04-29 10:29:33 -0700
Started GET "/assets/application.self-450048e8abcc31ed39cfef83442232bd52c3f1d87526c53b7dc661cf502dcdbf.css?body=1&livereload=1619717378597" for ::1 at 2021-04-29 10:29:38 -0700
Started GET "/assets/application.self-450048e8abcc31ed39cfef83442232bd52c3f1d87526c53b7dc661cf502dcdbf.css?body=1&livereload=1619717378598" for ::1 at 2021-04-29 10:29:38 -0700
Started GET "/assets/application.self-450048e8abcc31ed39cfef83442232bd52c3f1d87526c53b7dc661cf502dcdbf.css?body=1&livereload=1619717379621" for ::1 at 2021-04-29 10:29:39 -0700
Started GET "/assets/application.self-450048e8abcc31ed39cfef83442232bd52c3f1d87526c53b7dc661cf502dcdbf.css?body=1&livereload=1619717379622" for ::1 at 2021-04-29 10:29:39 -0700
Started GET "/assets/application.self-450048e8abcc31ed39cfef83442232bd52c3f1d87526c53b7dc661cf502dcdbf.css?body=1&livereload=1619717380557" for ::1 at 2021-04-29 10:29:40 -0700
Started GET "/assets/application.self-450048e8abcc31ed39cfef83442232bd52c3f1d87526c53b7dc661cf502dcdbf.css?body=1&livereload=1619717380558" for ::1 at 2021-04-29 10:29:40 -0700
Started GET "/assets/application.self-450048e8abcc31ed39cfef83442232bd52c3f1d87526c53b7dc661cf502dcdbf.css?body=1&livereload=1619717389639" for ::1 at 2021-04-29 10:29:49 -0700
Started GET "/assets/application.self-450048e8abcc31ed39cfef83442232bd52c3f1d87526c53b7dc661cf502dcdbf.css?body=1&livereload=1619717389640" for ::1 at 2021-04-29 10:29:49 -0700
Started GET "/assets/application.self-450048e8abcc31ed39cfef83442232bd52c3f1d87526c53b7dc661cf502dcdbf.css?body=1&livereload=1619717425761" for ::1 at 2021-04-29 10:30:25 -0700
Started GET "/assets/application.self-450048e8abcc31ed39cfef83442232bd52c3f1d87526c53b7dc661cf502dcdbf.css?body=1&livereload=1619717425763" for ::1 at 2021-04-29 10:30:25 -0700
Started GET "/assets/application.self-450048e8abcc31ed39cfef83442232bd52c3f1d87526c53b7dc661cf502dcdbf.css?body=1&livereload=1619717429770" for ::1 at 2021-04-29 10:30:29 -0700
Started GET "/assets/application.self-450048e8abcc31ed39cfef83442232bd52c3f1d87526c53b7dc661cf502dcdbf.css?body=1&livereload=1619717429772" for ::1 at 2021-04-29 10:30:29 -0700
Started GET "/assets/application.self-450048e8abcc31ed39cfef83442232bd52c3f1d87526c53b7dc661cf502dcdbf.css?body=1&livereload=1619717434807" for ::1 at 2021-04-29 10:30:34 -0700
Started GET "/assets/application.self-450048e8abcc31ed39cfef83442232bd52c3f1d87526c53b7dc661cf502dcdbf.css?body=1&livereload=1619717434808" for ::1 at 2021-04-29 10:30:34 -0700
Started GET "/assets/application.self-450048e8abcc31ed39cfef83442232bd52c3f1d87526c53b7dc661cf502dcdbf.css?body=1&livereload=1619717436849" for ::1 at 2021-04-29 10:30:36 -0700
Started GET "/assets/application.self-450048e8abcc31ed39cfef83442232bd52c3f1d87526c53b7dc661cf502dcdbf.css?body=1&livereload=1619717436850" for ::1 at 2021-04-29 10:30:36 -0700
Started GET "/assets/application.self-450048e8abcc31ed39cfef83442232bd52c3f1d87526c53b7dc661cf502dcdbf.css?body=1&livereload=1619717438814" for ::1 at 2021-04-29 10:30:38 -0700
Started GET "/assets/application.self-450048e8abcc31ed39cfef83442232bd52c3f1d87526c53b7dc661cf502dcdbf.css?body=1&livereload=1619717438817" for ::1 at 2021-04-29 10:30:38 -0700
Started GET "/assets/application.self-450048e8abcc31ed39cfef83442232bd52c3f1d87526c53b7dc661cf502dcdbf.css?body=1&livereload=1619717620461" for ::1 at 2021-04-29 10:33:40 -0700
Started GET "/assets/application.self-450048e8abcc31ed39cfef83442232bd52c3f1d87526c53b7dc661cf502dcdbf.css?body=1&livereload=1619717620463" for ::1 at 2021-04-29 10:33:40 -0700
Started GET "/assets/application.self-450048e8abcc31ed39cfef83442232bd52c3f1d87526c53b7dc661cf502dcdbf.css?body=1&livereload=1619717626441" for ::1 at 2021-04-29 10:33:46 -0700
Started GET "/assets/application.self-450048e8abcc31ed39cfef83442232bd52c3f1d87526c53b7dc661cf502dcdbf.css?body=1&livereload=1619717626443" for ::1 at 2021-04-29 10:33:46 -0700
Started GET "/assets/application.self-450048e8abcc31ed39cfef83442232bd52c3f1d87526c53b7dc661cf502dcdbf.css?body=1&livereload=1619717627473" for ::1 at 2021-04-29 10:33:47 -0700
Started GET "/assets/application.self-450048e8abcc31ed39cfef83442232bd52c3f1d87526c53b7dc661cf502dcdbf.css?body=1&livereload=1619717627475" for ::1 at 2021-04-29 10:33:47 -0700
Started GET "/assets/application.self-450048e8abcc31ed39cfef83442232bd52c3f1d87526c53b7dc661cf502dcdbf.css?body=1&livereload=1619717629438" for ::1 at 2021-04-29 10:33:49 -0700
Started GET "/assets/application.self-450048e8abcc31ed39cfef83442232bd52c3f1d87526c53b7dc661cf502dcdbf.css?body=1&livereload=1619717629440" for ::1 at 2021-04-29 10:33:49 -0700
Started GET "/assets/application.self-450048e8abcc31ed39cfef83442232bd52c3f1d87526c53b7dc661cf502dcdbf.css?body=1&livereload=1619717632513" for ::1 at 2021-04-29 10:33:52 -0700
Started GET "/assets/application.self-450048e8abcc31ed39cfef83442232bd52c3f1d87526c53b7dc661cf502dcdbf.css?body=1&livereload=1619717632515" for ::1 at 2021-04-29 10:33:52 -0700
Started GET "/assets/application.self-450048e8abcc31ed39cfef83442232bd52c3f1d87526c53b7dc661cf502dcdbf.css?body=1&livereload=1619717636537" for ::1 at 2021-04-29 10:33:56 -0700
Started GET "/assets/application.self-450048e8abcc31ed39cfef83442232bd52c3f1d87526c53b7dc661cf502dcdbf.css?body=1&livereload=1619717636538" for ::1 at 2021-04-29 10:33:56 -0700
Started GET "/assets/application.self-450048e8abcc31ed39cfef83442232bd52c3f1d87526c53b7dc661cf502dcdbf.css?body=1&livereload=1619717643533" for ::1 at 2021-04-29 10:34:03 -0700
Started GET "/assets/application.self-450048e8abcc31ed39cfef83442232bd52c3f1d87526c53b7dc661cf502dcdbf.css?body=1&livereload=1619717643534" for ::1 at 2021-04-29 10:34:03 -0700
Started GET "/assets/application.self-450048e8abcc31ed39cfef83442232bd52c3f1d87526c53b7dc661cf502dcdbf.css?body=1&livereload=1619717646514" for ::1 at 2021-04-29 10:34:06 -0700
Started GET "/assets/application.self-450048e8abcc31ed39cfef83442232bd52c3f1d87526c53b7dc661cf502dcdbf.css?body=1&livereload=1619717646515" for ::1 at 2021-04-29 10:34:06 -0700
Started GET "/assets/application.self-450048e8abcc31ed39cfef83442232bd52c3f1d87526c53b7dc661cf502dcdbf.css?body=1&livereload=1619717647548" for ::1 at 2021-04-29 10:34:07 -0700
Started GET "/assets/application.self-450048e8abcc31ed39cfef83442232bd52c3f1d87526c53b7dc661cf502dcdbf.css?body=1&livereload=1619717647549" for ::1 at 2021-04-29 10:34:07 -0700
Started GET "/assets/application.self-450048e8abcc31ed39cfef83442232bd52c3f1d87526c53b7dc661cf502dcdbf.css?body=1&livereload=1619717650529" for ::1 at 2021-04-29 10:34:10 -0700
Started GET "/assets/application.self-450048e8abcc31ed39cfef83442232bd52c3f1d87526c53b7dc661cf502dcdbf.css?body=1&livereload=1619717650531" for ::1 at 2021-04-29 10:34:10 -0700
Started GET "/assets/application.self-450048e8abcc31ed39cfef83442232bd52c3f1d87526c53b7dc661cf502dcdbf.css?body=1&livereload=1619717658555" for ::1 at 2021-04-29 10:34:18 -0700
Started GET "/assets/application.self-450048e8abcc31ed39cfef83442232bd52c3f1d87526c53b7dc661cf502dcdbf.css?body=1&livereload=1619717658557" for ::1 at 2021-04-29 10:34:18 -0700
Started GET "/assets/application.self-450048e8abcc31ed39cfef83442232bd52c3f1d87526c53b7dc661cf502dcdbf.css?body=1&livereload=1619717660608" for ::1 at 2021-04-29 10:34:20 -0700
Started GET "/assets/application.self-450048e8abcc31ed39cfef83442232bd52c3f1d87526c53b7dc661cf502dcdbf.css?body=1&livereload=1619717660609" for ::1 at 2021-04-29 10:34:20 -0700
Started GET "/assets/application.self-450048e8abcc31ed39cfef83442232bd52c3f1d87526c53b7dc661cf502dcdbf.css?body=1&livereload=1619717665570" for ::1 at 2021-04-29 10:34:25 -0700
Started GET "/assets/application.self-450048e8abcc31ed39cfef83442232bd52c3f1d87526c53b7dc661cf502dcdbf.css?body=1&livereload=1619717665571" for ::1 at 2021-04-29 10:34:25 -0700
Started GET "/assets/application.self-450048e8abcc31ed39cfef83442232bd52c3f1d87526c53b7dc661cf502dcdbf.css?body=1&livereload=1619717666601" for ::1 at 2021-04-29 10:34:26 -0700
Started GET "/assets/application.self-450048e8abcc31ed39cfef83442232bd52c3f1d87526c53b7dc661cf502dcdbf.css?body=1&livereload=1619717666604" for ::1 at 2021-04-29 10:34:26 -0700
Started GET "/assets/application.self-450048e8abcc31ed39cfef83442232bd52c3f1d87526c53b7dc661cf502dcdbf.css?body=1&livereload=1619717670600" for ::1 at 2021-04-29 10:34:30 -0700
Started GET "/assets/application.self-450048e8abcc31ed39cfef83442232bd52c3f1d87526c53b7dc661cf502dcdbf.css?body=1&livereload=1619717670601" for ::1 at 2021-04-29 10:34:30 -0700
Started GET "/assets/application.self-450048e8abcc31ed39cfef83442232bd52c3f1d87526c53b7dc661cf502dcdbf.css?body=1&livereload=1619717674631" for ::1 at 2021-04-29 10:34:34 -0700
Started GET "/assets/application.self-450048e8abcc31ed39cfef83442232bd52c3f1d87526c53b7dc661cf502dcdbf.css?body=1&livereload=1619717674632" for ::1 at 2021-04-29 10:34:34 -0700
Started GET "/assets/application.self-450048e8abcc31ed39cfef83442232bd52c3f1d87526c53b7dc661cf502dcdbf.css?body=1&livereload=1619717677617" for ::1 at 2021-04-29 10:34:37 -0700
Started GET "/assets/application.self-450048e8abcc31ed39cfef83442232bd52c3f1d87526c53b7dc661cf502dcdbf.css?body=1&livereload=1619717677618" for ::1 at 2021-04-29 10:34:37 -0700
Started GET "/assets/application.self-450048e8abcc31ed39cfef83442232bd52c3f1d87526c53b7dc661cf502dcdbf.css?body=1&livereload=1619717681647" for ::1 at 2021-04-29 10:34:41 -0700
Started GET "/assets/application.self-450048e8abcc31ed39cfef83442232bd52c3f1d87526c53b7dc661cf502dcdbf.css?body=1&livereload=1619717681648" for ::1 at 2021-04-29 10:34:41 -0700
Started GET "/assets/application.self-450048e8abcc31ed39cfef83442232bd52c3f1d87526c53b7dc661cf502dcdbf.css?body=1&livereload=1619717683706" for ::1 at 2021-04-29 10:34:43 -0700
Started GET "/assets/application.self-450048e8abcc31ed39cfef83442232bd52c3f1d87526c53b7dc661cf502dcdbf.css?body=1&livereload=1619717683708" for ::1 at 2021-04-29 10:34:43 -0700
Started GET "/assets/application.self-450048e8abcc31ed39cfef83442232bd52c3f1d87526c53b7dc661cf502dcdbf.css?body=1&livereload=1619717685656" for ::1 at 2021-04-29 10:34:45 -0700
Started GET "/assets/application.self-450048e8abcc31ed39cfef83442232bd52c3f1d87526c53b7dc661cf502dcdbf.css?body=1&livereload=1619717685657" for ::1 at 2021-04-29 10:34:45 -0700
Started GET "/" for ::1 at 2021-04-29 10:34:48 -0700
Processing by StaticPagesController#index as HTML
  Rendering static_pages/index.html.erb within layouts/application
  Rendered shared/_gear_dropdown.html.erb (0.4ms)
  Rendered shared/_main_nav.html.erb (3.7ms)
  Rendered shared/_masthead.html.erb (0.4ms)
  Rendered shared/_sections_nav.html.erb (0.3ms)
  Rendered shared/_search_modal.html.erb (0.3ms)
  Rendered shared/_main_content.html.erb (0.3ms)
  Rendered static_pages/index.html.erb within layouts/application (20.6ms)
Completed 200 OK in 54ms (Views: 51.3ms | ActiveRecord: 0.0ms)


Started GET "/assets/application.self-03568c9d0182a55780192f7cd5d62b895f2b36ca6b086ea907a7c6a73a3c2de7.css?body=1" for ::1 at 2021-04-29 10:34:48 -0700
Started GET "/assets/application.self-03568c9d0182a55780192f7cd5d62b895f2b36ca6b086ea907a7c6a73a3c2de7.css?body=1&livereload=1619717746949" for ::1 at 2021-04-29 10:35:46 -0700
Started GET "/assets/application.self-03568c9d0182a55780192f7cd5d62b895f2b36ca6b086ea907a7c6a73a3c2de7.css?body=1&livereload=1619717746951" for ::1 at 2021-04-29 10:35:46 -0700
Started GET "/assets/application.self-03568c9d0182a55780192f7cd5d62b895f2b36ca6b086ea907a7c6a73a3c2de7.css?body=1&livereload=1619717750867" for ::1 at 2021-04-29 10:35:50 -0700
Started GET "/assets/application.self-03568c9d0182a55780192f7cd5d62b895f2b36ca6b086ea907a7c6a73a3c2de7.css?body=1&livereload=1619717750869" for ::1 at 2021-04-29 10:35:50 -0700
Started GET "/assets/application.self-03568c9d0182a55780192f7cd5d62b895f2b36ca6b086ea907a7c6a73a3c2de7.css?body=1&livereload=1619717752925" for ::1 at 2021-04-29 10:35:52 -0700
Started GET "/assets/application.self-03568c9d0182a55780192f7cd5d62b895f2b36ca6b086ea907a7c6a73a3c2de7.css?body=1&livereload=1619717752927" for ::1 at 2021-04-29 10:35:52 -0700
Started GET "/assets/application.self-03568c9d0182a55780192f7cd5d62b895f2b36ca6b086ea907a7c6a73a3c2de7.css?body=1&livereload=1619717754886" for ::1 at 2021-04-29 10:35:54 -0700
Started GET "/assets/application.self-03568c9d0182a55780192f7cd5d62b895f2b36ca6b086ea907a7c6a73a3c2de7.css?body=1&livereload=1619717754888" for ::1 at 2021-04-29 10:35:54 -0700
Started GET "/assets/application.self-03568c9d0182a55780192f7cd5d62b895f2b36ca6b086ea907a7c6a73a3c2de7.css?body=1&livereload=1619717757961" for ::1 at 2021-04-29 10:35:57 -0700
Started GET "/assets/application.self-03568c9d0182a55780192f7cd5d62b895f2b36ca6b086ea907a7c6a73a3c2de7.css?body=1&livereload=1619717757963" for ::1 at 2021-04-29 10:35:57 -0700
Started GET "/assets/application.self-03568c9d0182a55780192f7cd5d62b895f2b36ca6b086ea907a7c6a73a3c2de7.css?body=1&livereload=1619717759915" for ::1 at 2021-04-29 10:35:59 -0700
Started GET "/assets/application.self-03568c9d0182a55780192f7cd5d62b895f2b36ca6b086ea907a7c6a73a3c2de7.css?body=1&livereload=1619717759916" for ::1 at 2021-04-29 10:35:59 -0700
Started GET "/assets/application.self-03568c9d0182a55780192f7cd5d62b895f2b36ca6b086ea907a7c6a73a3c2de7.css?body=1&livereload=1619717764022" for ::1 at 2021-04-29 10:36:04 -0700
Started GET "/assets/application.self-03568c9d0182a55780192f7cd5d62b895f2b36ca6b086ea907a7c6a73a3c2de7.css?body=1&livereload=1619717764025" for ::1 at 2021-04-29 10:36:04 -0700
Started GET "/assets/application.self-03568c9d0182a55780192f7cd5d62b895f2b36ca6b086ea907a7c6a73a3c2de7.css?body=1&livereload=1619717768968" for ::1 at 2021-04-29 10:36:08 -0700
Started GET "/assets/application.self-03568c9d0182a55780192f7cd5d62b895f2b36ca6b086ea907a7c6a73a3c2de7.css?body=1&livereload=1619717768971" for ::1 at 2021-04-29 10:36:08 -0700
Started GET "/assets/application.self-03568c9d0182a55780192f7cd5d62b895f2b36ca6b086ea907a7c6a73a3c2de7.css?body=1&livereload=1619717770932" for ::1 at 2021-04-29 10:36:10 -0700
Started GET "/assets/application.self-03568c9d0182a55780192f7cd5d62b895f2b36ca6b086ea907a7c6a73a3c2de7.css?body=1&livereload=1619717770933" for ::1 at 2021-04-29 10:36:10 -0700
Started GET "/assets/application.self-03568c9d0182a55780192f7cd5d62b895f2b36ca6b086ea907a7c6a73a3c2de7.css?body=1&livereload=1619717774965" for ::1 at 2021-04-29 10:36:14 -0700
Started GET "/assets/application.self-03568c9d0182a55780192f7cd5d62b895f2b36ca6b086ea907a7c6a73a3c2de7.css?body=1&livereload=1619717774966" for ::1 at 2021-04-29 10:36:14 -0700
Started GET "/assets/application.self-03568c9d0182a55780192f7cd5d62b895f2b36ca6b086ea907a7c6a73a3c2de7.css?body=1&livereload=1619717777954" for ::1 at 2021-04-29 10:36:17 -0700
Started GET "/assets/application.self-03568c9d0182a55780192f7cd5d62b895f2b36ca6b086ea907a7c6a73a3c2de7.css?body=1&livereload=1619717777955" for ::1 at 2021-04-29 10:36:17 -0700
Started GET "/assets/application.self-03568c9d0182a55780192f7cd5d62b895f2b36ca6b086ea907a7c6a73a3c2de7.css?body=1&livereload=1619717780011" for ::1 at 2021-04-29 10:36:20 -0700
Started GET "/assets/application.self-03568c9d0182a55780192f7cd5d62b895f2b36ca6b086ea907a7c6a73a3c2de7.css?body=1&livereload=1619717780013" for ::1 at 2021-04-29 10:36:20 -0700
Started GET "/assets/application.self-03568c9d0182a55780192f7cd5d62b895f2b36ca6b086ea907a7c6a73a3c2de7.css?body=1&livereload=1619717781035" for ::1 at 2021-04-29 10:36:21 -0700
Started GET "/assets/application.self-03568c9d0182a55780192f7cd5d62b895f2b36ca6b086ea907a7c6a73a3c2de7.css?body=1&livereload=1619717781036" for ::1 at 2021-04-29 10:36:21 -0700
Started GET "/assets/application.self-03568c9d0182a55780192f7cd5d62b895f2b36ca6b086ea907a7c6a73a3c2de7.css?body=1&livereload=1619717796100" for ::1 at 2021-04-29 10:36:36 -0700
Started GET "/assets/application.self-03568c9d0182a55780192f7cd5d62b895f2b36ca6b086ea907a7c6a73a3c2de7.css?body=1&livereload=1619717796101" for ::1 at 2021-04-29 10:36:36 -0700
Started GET "/assets/application.self-03568c9d0182a55780192f7cd5d62b895f2b36ca6b086ea907a7c6a73a3c2de7.css?body=1&livereload=1619717797034" for ::1 at 2021-04-29 10:36:37 -0700
Started GET "/assets/application.self-03568c9d0182a55780192f7cd5d62b895f2b36ca6b086ea907a7c6a73a3c2de7.css?body=1&livereload=1619717797035" for ::1 at 2021-04-29 10:36:37 -0700
Started GET "/assets/application.self-03568c9d0182a55780192f7cd5d62b895f2b36ca6b086ea907a7c6a73a3c2de7.css?body=1&livereload=1619717799090" for ::1 at 2021-04-29 10:36:39 -0700
Started GET "/assets/application.self-03568c9d0182a55780192f7cd5d62b895f2b36ca6b086ea907a7c6a73a3c2de7.css?body=1&livereload=1619717799091" for ::1 at 2021-04-29 10:36:39 -0700
Started GET "/assets/application.self-03568c9d0182a55780192f7cd5d62b895f2b36ca6b086ea907a7c6a73a3c2de7.css?body=1&livereload=1619717804127" for ::1 at 2021-04-29 10:36:44 -0700
Started GET "/assets/application.self-03568c9d0182a55780192f7cd5d62b895f2b36ca6b086ea907a7c6a73a3c2de7.css?body=1&livereload=1619717804128" for ::1 at 2021-04-29 10:36:44 -0700
Started GET "/assets/application.self-03568c9d0182a55780192f7cd5d62b895f2b36ca6b086ea907a7c6a73a3c2de7.css?body=1&livereload=1619717807116" for ::1 at 2021-04-29 10:36:47 -0700
Started GET "/assets/application.self-03568c9d0182a55780192f7cd5d62b895f2b36ca6b086ea907a7c6a73a3c2de7.css?body=1&livereload=1619717807118" for ::1 at 2021-04-29 10:36:47 -0700
Started GET "/assets/application.self-03568c9d0182a55780192f7cd5d62b895f2b36ca6b086ea907a7c6a73a3c2de7.css?body=1&livereload=1619717808145" for ::1 at 2021-04-29 10:36:48 -0700
Started GET "/assets/application.self-03568c9d0182a55780192f7cd5d62b895f2b36ca6b086ea907a7c6a73a3c2de7.css?body=1&livereload=1619717808147" for ::1 at 2021-04-29 10:36:48 -0700
Started GET "/assets/application.self-03568c9d0182a55780192f7cd5d62b895f2b36ca6b086ea907a7c6a73a3c2de7.css?body=1&livereload=1619717812155" for ::1 at 2021-04-29 10:36:52 -0700
Started GET "/assets/application.self-03568c9d0182a55780192f7cd5d62b895f2b36ca6b086ea907a7c6a73a3c2de7.css?body=1&livereload=1619717812156" for ::1 at 2021-04-29 10:36:52 -0700
Started GET "/assets/application.self-03568c9d0182a55780192f7cd5d62b895f2b36ca6b086ea907a7c6a73a3c2de7.css?body=1&livereload=1619717814113" for ::1 at 2021-04-29 10:36:54 -0700
Started GET "/assets/application.self-03568c9d0182a55780192f7cd5d62b895f2b36ca6b086ea907a7c6a73a3c2de7.css?body=1&livereload=1619717814117" for ::1 at 2021-04-29 10:36:54 -0700
Started GET "/assets/application.self-03568c9d0182a55780192f7cd5d62b895f2b36ca6b086ea907a7c6a73a3c2de7.css?body=1&livereload=1619717817106" for ::1 at 2021-04-29 10:36:57 -0700
Started GET "/assets/application.self-03568c9d0182a55780192f7cd5d62b895f2b36ca6b086ea907a7c6a73a3c2de7.css?body=1&livereload=1619717817107" for ::1 at 2021-04-29 10:36:57 -0700
